#
# There is insufficient memory for the Java Runtime Environment to continue.
# Native memory allocation (malloc) failed to allocate 882256 bytes for Chunk::new
# Possible reasons:
#   The system is out of physical RAM or swap space
#   The process is running with CompressedOops enabled, and the Java Heap may be blocking the growth of the native heap
# Possible solutions:
#   Reduce memory load on the system
#   Increase physical memory or swap space
#   Check if swap backing store is full
#   Decrease Java heap size (-Xmx/-Xms)
#   Decrease number of Java threads
#   Decrease Java thread stack sizes (-Xss)
#   Set larger code cache with -XX:ReservedCodeCacheSize=
#   JVM is running with Unscaled Compressed Oops mode in which the Java heap is
#     placed in the first 4GB address space. The Java Heap base address is the
#     maximum limit for the native heap growth. Please use -XX:HeapBaseMinAddress
#     to set the Java Heap base and to place the Java Heap above 4GB virtual address.
# This output file may be truncated or incomplete.
#
#  Out of Memory Error (./src/hotspot/share/memory/arena.cpp:197), pid=4704, tid=8296
#
# JRE version: OpenJDK Runtime Environment (11.0.10) (build 11.0.10+0-b96-7249189)
# Java VM: OpenJDK 64-Bit Server VM (11.0.10+0-b96-7249189, mixed mode, tiered, compressed oops, g1 gc, windows-amd64)
# No core dump will be written. Minidumps are not enabled by default on client versions of Windows
#

---------------  S U M M A R Y ------------

Command Line: --add-opens=java.base/java.util=ALL-UNNAMED --add-opens=java.base/java.lang=ALL-UNNAMED --add-opens=java.base/java.lang.invoke=ALL-UNNAMED --add-opens=java.prefs/java.util.prefs=ALL-UNNAMED -Xms128m -Xmx1500m -Dfile.encoding=windows-1251 -Duser.country=RU -Duser.language=ru -Duser.variant org.gradle.launcher.daemon.bootstrap.GradleDaemon 6.7.1

Host: Intel(R) Core(TM) i5-3450 CPU @ 3.10GHz, 4 cores, 7G,  Windows 8.1 , 64 bit Build 9600 (6.3.9600.20369)
Time: Thu May 12 22:45:35 2022 Iineia noaiaa?oiia a?aiy elapsed time: 2265.617475 seconds (0d 0h 37m 45s)

---------------  T H R E A D  ---------------

Current thread (0x00000043e0aea000):  JavaThread "C2 CompilerThread0" daemon [_thread_in_native, id=8296, stack(0x00000043e1570000,0x00000043e1670000)]


Current CompileTask:
C2:2265617 16238       4       org.objectweb.asm.ClassReader::readStackMapFrame (535 bytes)

Stack: [0x00000043e1570000,0x00000043e1670000]
Native frames: (J=compiled Java code, j=interpreted, Vv=VM code, C=native code)
V  [jvm.dll+0x5ecfaa]
V  [jvm.dll+0x722bd5]
V  [jvm.dll+0x72412d]
V  [jvm.dll+0x7247e3]
V  [jvm.dll+0x242928]
V  [jvm.dll+0xbc4fc]
V  [jvm.dll+0xbca0c]
V  [jvm.dll+0x2b4fd4]
V  [jvm.dll+0x506028]
V  [jvm.dll+0x1fcdfd]
V  [jvm.dll+0x1fa77f]
V  [jvm.dll+0x18354c]
V  [jvm.dll+0x208ee7]
V  [jvm.dll+0x207731]
V  [jvm.dll+0x6eb1cf]
V  [jvm.dll+0x6e3d45]
V  [jvm.dll+0x5ebe96]
C  [ucrtbase.DLL+0x1f4a0]
C  [KERNEL32.DLL+0x13d2]
C  [ntdll.dll+0x15504]


---------------  P R O C E S S  ---------------

Threads class SMR info:
_java_thread_list=0x00000043f1c56bf0, length=120, elements={
0x00000043c75e5800, 0x00000043e007d000, 0x00000043e007e000, 0x00000043e0ae2800,
0x00000043e0ae5800, 0x00000043e0ae7000, 0x00000043e0aea000, 0x00000043e0af8000,
0x00000043e0af9000, 0x00000043e0c65000, 0x00000043e2a63800, 0x00000043e0e8e000,
0x00000043e37d8000, 0x00000043e3823800, 0x00000043e3826000, 0x00000043e3825000,
0x00000043e3829800, 0x00000043e75fe000, 0x00000043e42aa000, 0x00000043e9ab5000,
0x00000043e9ab6000, 0x00000043e9ab7800, 0x00000043e9ac2000, 0x00000043e9ac4000,
0x00000043e429f800, 0x00000043e42a1000, 0x00000043e429e800, 0x00000043e42a2000,
0x00000043e42a0000, 0x00000043e42a5000, 0x00000043e42a4000, 0x00000043e42a2800,
0x00000043e42a6000, 0x00000043e42a3800, 0x00000043e42a8800, 0x00000043e42a7800,
0x00000043e42a6800, 0x00000043e42a9000, 0x00000043e42ab000, 0x00000043e42ab800,
0x00000043e42ac800, 0x00000043e42ad000, 0x00000043e7602000, 0x00000043e75ff800,
0x00000043e7600800, 0x00000043e7603000, 0x00000043e7604000, 0x00000043e7601800,
0x00000043e7605800, 0x00000043e7606800, 0x00000043e7607000, 0x00000043e7604800,
0x00000043e7608800, 0x00000043e7609800, 0x00000043e760a800, 0x00000043e7608000,
0x00000043e760b000, 0x00000043e760c000, 0x00000043e3822800, 0x00000043e3827000,
0x00000043e3824800, 0x00000043e3827800, 0x00000043e3828800, 0x00000043e6cbe000,
0x00000043e6cc1800, 0x00000043e6cbf800, 0x00000043e6cc0800, 0x00000043e6cbf000,
0x00000043e6cc3000, 0x00000043e6cc2000, 0x00000043e6cc6800, 0x00000043e6cc5800,
0x00000043e6cc4800, 0x00000043e6cc4000, 0x00000043e6cc7000, 0x00000043e6cc8000,
0x00000043e6cc9800, 0x00000043e6cc8800, 0x00000043e6cca800, 0x00000043e6ccb000,
0x00000043e6ccc000, 0x00000043e6ccd000, 0x00000043e3428800, 0x00000043e3426000,
0x00000043e3429800, 0x00000043e3428000, 0x00000043e3427000, 0x00000043e342b000,
0x00000043e342c000, 0x00000043e342a800, 0x00000043e342d800, 0x00000043e342e800,
0x00000043e342f000, 0x00000043e342d000, 0x00000043e3432800, 0x00000043e3431000,
0x00000043e3430000, 0x00000043e3433800, 0x00000043e3434000, 0x00000043e3431800,
0x00000043e3435000, 0x00000043e9db9800, 0x00000043e9db8000, 0x00000043e9db9000,
0x00000043e9db7800, 0x00000043e9dbe000, 0x00000043e1e2d000, 0x00000043e1e2a800,
0x00000043e1e2c000, 0x00000043e9ab8800, 0x00000043e9ab7000, 0x00000043e9abb000,
0x00000043e9ab9800, 0x00000043e9abc800, 0x00000043e9aba000, 0x00000043e9abb800,
0x00000043e9abe000, 0x00000043e9abd800, 0x00000043e9abf000, 0x00000043e6b52800
}

Java Threads: ( => current thread )
  0x00000043c75e5800 JavaThread "main" [_thread_blocked, id=10164, stack(0x00000043c6c90000,0x00000043c6d90000)]
  0x00000043e007d000 JavaThread "Reference Handler" daemon [_thread_blocked, id=8592, stack(0x00000043e0f90000,0x00000043e1090000)]
  0x00000043e007e000 JavaThread "Finalizer" daemon [_thread_blocked, id=6560, stack(0x00000043e1090000,0x00000043e1190000)]
  0x00000043e0ae2800 JavaThread "Signal Dispatcher" daemon [_thread_blocked, id=7368, stack(0x00000043e1270000,0x00000043e1370000)]
  0x00000043e0ae5800 JavaThread "Attach Listener" daemon [_thread_blocked, id=4752, stack(0x00000043e1370000,0x00000043e1470000)]
  0x00000043e0ae7000 JavaThread "Service Thread" daemon [_thread_blocked, id=4756, stack(0x00000043e1470000,0x00000043e1570000)]
=>0x00000043e0aea000 JavaThread "C2 CompilerThread0" daemon [_thread_in_native, id=8296, stack(0x00000043e1570000,0x00000043e1670000)]
  0x00000043e0af8000 JavaThread "C1 CompilerThread0" daemon [_thread_blocked, id=9400, stack(0x00000043e1670000,0x00000043e1770000)]
  0x00000043e0af9000 JavaThread "Sweeper thread" daemon [_thread_blocked, id=5024, stack(0x00000043e1770000,0x00000043e1870000)]
  0x00000043e0c65000 JavaThread "Common-Cleaner" daemon [_thread_blocked, id=5988, stack(0x00000043e1870000,0x00000043e1970000)]
  0x00000043e2a63800 JavaThread "Daemon health stats" [_thread_blocked, id=10036, stack(0x00000043e4910000,0x00000043e4a10000)]
  0x00000043e0e8e000 JavaThread "Incoming local TCP Connector on port 50128" [_thread_in_native, id=9836, stack(0x00000043e4ff0000,0x00000043e50f0000)]
  0x00000043e37d8000 JavaThread "Daemon periodic checks" [_thread_blocked, id=9560, stack(0x00000043e54e0000,0x00000043e55e0000)]
  0x00000043e3823800 JavaThread "Cache worker for file hash cache (C:\Users\Денис\.gradle\caches\6.7.1\fileHashes)" [_thread_blocked, id=9020, stack(0x00000043e60e0000,0x00000043e61e0000)]
  0x00000043e3826000 JavaThread "File lock request listener" [_thread_in_native, id=2132, stack(0x00000043e61e0000,0x00000043e62e0000)]
  0x00000043e3825000 JavaThread "Cache worker for journal cache (C:\Users\Денис\.gradle\caches\journal-1)" [_thread_blocked, id=1372, stack(0x00000043e64e0000,0x00000043e65e0000)]
  0x00000043e3829800 JavaThread "Cache worker for execution history cache (C:\Users\Денис\.gradle\caches\6.7.1\executionHistory)" [_thread_blocked, id=7708, stack(0x00000043e7e90000,0x00000043e7f90000)]
  0x00000043e75fe000 JavaThread "Cache worker for file content cache (C:\Users\Денис\.gradle\caches\6.7.1\fileContent)" [_thread_blocked, id=9296, stack(0x00000043e8090000,0x00000043e8190000)]
  0x00000043e42aa000 JavaThread "Memory manager" [_thread_blocked, id=9280, stack(0x00000043f0a70000,0x00000043f0b70000)]
  0x00000043e9ab5000 JavaThread "Cache worker for Java compile cache (C:\Users\Денис\.gradle\caches\6.7.1\javaCompile)" [_thread_blocked, id=10016, stack(0x00000043f3650000,0x00000043f3750000)]
  0x00000043e9ab6000 JavaThread "Daemon Thread 5" [_thread_blocked, id=5552, stack(0x00000043e2270000,0x00000043e2370000)]
  0x00000043e9ab7800 JavaThread "Daemon worker Thread 5" [_thread_in_Java, id=8836, stack(0x00000043e55e0000,0x00000043e56e0000)]
  0x00000043e9ac2000 JavaThread "jar transforms Thread 416" [_thread_blocked, id=6132, stack(0x00000043eb670000,0x00000043eb770000)]
  0x00000043e9ac4000 JavaThread "jar transforms Thread 417" [_thread_blocked, id=6984, stack(0x00000043eb770000,0x00000043eb870000)]
  0x00000043e429f800 JavaThread "jar transforms Thread 418" [_thread_blocked, id=8732, stack(0x00000043eb870000,0x00000043eb970000)]
  0x00000043e42a1000 JavaThread "jar transforms Thread 419" [_thread_blocked, id=8796, stack(0x00000043eb970000,0x00000043eba70000)]
  0x00000043e429e800 JavaThread "jar transforms Thread 420" [_thread_blocked, id=8380, stack(0x00000043eba70000,0x00000043ebb70000)]
  0x00000043e42a2000 JavaThread "jar transforms Thread 421" [_thread_blocked, id=808, stack(0x00000043ebb70000,0x00000043ebc70000)]
  0x00000043e42a0000 JavaThread "jar transforms Thread 422" [_thread_blocked, id=8332, stack(0x00000043ebc70000,0x00000043ebd70000)]
  0x00000043e42a5000 JavaThread "jar transforms Thread 423" [_thread_blocked, id=9140, stack(0x00000043ebd70000,0x00000043ebe70000)]
  0x00000043e42a4000 JavaThread "jar transforms Thread 424" [_thread_blocked, id=3632, stack(0x00000043ebe70000,0x00000043ebf70000)]
  0x00000043e42a2800 JavaThread "jar transforms Thread 425" [_thread_blocked, id=6960, stack(0x00000043ebf70000,0x00000043ec070000)]
  0x00000043e42a6000 JavaThread "jar transforms Thread 426" [_thread_blocked, id=5468, stack(0x00000043ec070000,0x00000043ec170000)]
  0x00000043e42a3800 JavaThread "jar transforms Thread 427" [_thread_blocked, id=2960, stack(0x00000043ec170000,0x00000043ec270000)]
  0x00000043e42a8800 JavaThread "jar transforms Thread 428" [_thread_blocked, id=2968, stack(0x00000043ec270000,0x00000043ec370000)]
  0x00000043e42a7800 JavaThread "jar transforms Thread 429" [_thread_blocked, id=1052, stack(0x00000043ec370000,0x00000043ec470000)]
  0x00000043e42a6800 JavaThread "jar transforms Thread 430" [_thread_blocked, id=6528, stack(0x00000043ec470000,0x00000043ec570000)]
  0x00000043e42a9000 JavaThread "jar transforms Thread 431" [_thread_blocked, id=7240, stack(0x00000043ec570000,0x00000043ec670000)]
  0x00000043e42ab000 JavaThread "jar transforms Thread 432" [_thread_blocked, id=8260, stack(0x00000043ec670000,0x00000043ec770000)]
  0x00000043e42ab800 JavaThread "jar transforms Thread 433" [_thread_blocked, id=8844, stack(0x00000043ec770000,0x00000043ec870000)]
  0x00000043e42ac800 JavaThread "jar transforms Thread 434" [_thread_blocked, id=6084, stack(0x00000043ec870000,0x00000043ec970000)]
  0x00000043e42ad000 JavaThread "jar transforms Thread 435" [_thread_blocked, id=9812, stack(0x00000043ec970000,0x00000043eca70000)]
  0x00000043e7602000 JavaThread "jar transforms Thread 436" [_thread_blocked, id=336, stack(0x00000043eca70000,0x00000043ecb70000)]
  0x00000043e75ff800 JavaThread "jar transforms Thread 437" [_thread_blocked, id=10192, stack(0x00000043ecb70000,0x00000043ecc70000)]
  0x00000043e7600800 JavaThread "jar transforms Thread 438" [_thread_blocked, id=4776, stack(0x00000043ecc70000,0x00000043ecd70000)]
  0x00000043e7603000 JavaThread "jar transforms Thread 439" [_thread_blocked, id=5536, stack(0x00000043ecd70000,0x00000043ece70000)]
  0x00000043e7604000 JavaThread "jar transforms Thread 440" [_thread_blocked, id=7768, stack(0x00000043ece70000,0x00000043ecf70000)]
  0x00000043e7601800 JavaThread "jar transforms Thread 441" [_thread_blocked, id=9336, stack(0x00000043ecf70000,0x00000043ed070000)]
  0x00000043e7605800 JavaThread "jar transforms Thread 442" [_thread_blocked, id=3036, stack(0x00000043ed070000,0x00000043ed170000)]
  0x00000043e7606800 JavaThread "jar transforms Thread 443" [_thread_blocked, id=10188, stack(0x00000043ed170000,0x00000043ed270000)]
  0x00000043e7607000 JavaThread "jar transforms Thread 444" [_thread_blocked, id=9604, stack(0x00000043ed270000,0x00000043ed370000)]
  0x00000043e7604800 JavaThread "jar transforms Thread 445" [_thread_blocked, id=9712, stack(0x00000043ed370000,0x00000043ed470000)]
  0x00000043e7608800 JavaThread "jar transforms Thread 446" [_thread_blocked, id=5956, stack(0x00000043ed470000,0x00000043ed570000)]
  0x00000043e7609800 JavaThread "jar transforms Thread 447" [_thread_blocked, id=9452, stack(0x00000043ed570000,0x00000043ed670000)]
  0x00000043e760a800 JavaThread "jar transforms Thread 448" [_thread_blocked, id=6876, stack(0x00000043ed670000,0x00000043ed770000)]
  0x00000043e7608000 JavaThread "jar transforms Thread 449" [_thread_blocked, id=3448, stack(0x00000043ed770000,0x00000043ed870000)]
  0x00000043e760b000 JavaThread "jar transforms Thread 450" [_thread_blocked, id=6588, stack(0x00000043ed870000,0x00000043ed970000)]
  0x00000043e760c000 JavaThread "jar transforms Thread 451" [_thread_blocked, id=7420, stack(0x00000043ed970000,0x00000043eda70000)]
  0x00000043e3822800 JavaThread "jar transforms Thread 452" [_thread_blocked, id=7576, stack(0x00000043eda70000,0x00000043edb70000)]
  0x00000043e3827000 JavaThread "jar transforms Thread 453" [_thread_blocked, id=6248, stack(0x00000043edb70000,0x00000043edc70000)]
  0x00000043e3824800 JavaThread "jar transforms Thread 454" [_thread_blocked, id=6112, stack(0x00000043edc70000,0x00000043edd70000)]
  0x00000043e3827800 JavaThread "jar transforms Thread 455" [_thread_blocked, id=7184, stack(0x00000043edd70000,0x00000043ede70000)]
  0x00000043e3828800 JavaThread "jar transforms Thread 456" [_thread_blocked, id=8544, stack(0x00000043ede70000,0x00000043edf70000)]
  0x00000043e6cbe000 JavaThread "jar transforms Thread 457" [_thread_blocked, id=9944, stack(0x00000043edf70000,0x00000043ee070000)]
  0x00000043e6cc1800 JavaThread "jar transforms Thread 458" [_thread_blocked, id=9552, stack(0x00000043ee070000,0x00000043ee170000)]
  0x00000043e6cbf800 JavaThread "jar transforms Thread 459" [_thread_blocked, id=8988, stack(0x00000043ee170000,0x00000043ee270000)]
  0x00000043e6cc0800 JavaThread "jar transforms Thread 460" [_thread_blocked, id=10044, stack(0x00000043ee270000,0x00000043ee370000)]
  0x00000043e6cbf000 JavaThread "jar transforms Thread 461" [_thread_blocked, id=8968, stack(0x00000043ee370000,0x00000043ee470000)]
  0x00000043e6cc3000 JavaThread "jar transforms Thread 462" [_thread_blocked, id=2556, stack(0x00000043ee470000,0x00000043ee570000)]
  0x00000043e6cc2000 JavaThread "jar transforms Thread 463" [_thread_blocked, id=9116, stack(0x00000043ee570000,0x00000043ee670000)]
  0x00000043e6cc6800 JavaThread "jar transforms Thread 464" [_thread_blocked, id=7564, stack(0x00000043ee670000,0x00000043ee770000)]
  0x00000043e6cc5800 JavaThread "jar transforms Thread 465" [_thread_blocked, id=7468, stack(0x00000043ee770000,0x00000043ee870000)]
  0x00000043e6cc4800 JavaThread "jar transforms Thread 466" [_thread_blocked, id=9008, stack(0x00000043ee870000,0x00000043ee970000)]
  0x00000043e6cc4000 JavaThread "jar transforms Thread 467" [_thread_blocked, id=8808, stack(0x00000043ee970000,0x00000043eea70000)]
  0x00000043e6cc7000 JavaThread "jar transforms Thread 468" [_thread_blocked, id=8760, stack(0x00000043eea70000,0x00000043eeb70000)]
  0x00000043e6cc8000 JavaThread "jar transforms Thread 469" [_thread_blocked, id=9708, stack(0x00000043eeb70000,0x00000043eec70000)]
  0x00000043e6cc9800 JavaThread "jar transforms Thread 470" [_thread_blocked, id=6192, stack(0x00000043eec70000,0x00000043eed70000)]
  0x00000043e6cc8800 JavaThread "jar transforms Thread 471" [_thread_blocked, id=96, stack(0x00000043eed70000,0x00000043eee70000)]
  0x00000043e6cca800 JavaThread "jar transforms Thread 472" [_thread_blocked, id=8556, stack(0x00000043eee70000,0x00000043eef70000)]
  0x00000043e6ccb000 JavaThread "jar transforms Thread 473" [_thread_blocked, id=7728, stack(0x00000043eef70000,0x00000043ef070000)]
  0x00000043e6ccc000 JavaThread "jar transforms Thread 474" [_thread_blocked, id=1476, stack(0x00000043ef070000,0x00000043ef170000)]
  0x00000043e6ccd000 JavaThread "jar transforms Thread 475" [_thread_blocked, id=8172, stack(0x00000043ef170000,0x00000043ef270000)]
  0x00000043e3428800 JavaThread "jar transforms Thread 476" [_thread_blocked, id=5068, stack(0x00000043ef270000,0x00000043ef370000)]
  0x00000043e3426000 JavaThread "jar transforms Thread 477" [_thread_blocked, id=9036, stack(0x00000043ef370000,0x00000043ef470000)]
  0x00000043e3429800 JavaThread "jar transforms Thread 478" [_thread_blocked, id=7328, stack(0x00000043ef470000,0x00000043ef570000)]
  0x00000043e3428000 JavaThread "jar transforms Thread 479" [_thread_blocked, id=9564, stack(0x00000043ef570000,0x00000043ef670000)]
  0x00000043e3427000 JavaThread "jar transforms Thread 480" [_thread_blocked, id=9068, stack(0x00000043ef670000,0x00000043ef770000)]
  0x00000043e342b000 JavaThread "jar transforms Thread 481" [_thread_blocked, id=8924, stack(0x00000043ef770000,0x00000043ef870000)]
  0x00000043e342c000 JavaThread "jar transforms Thread 482" [_thread_blocked, id=8784, stack(0x00000043ef870000,0x00000043ef970000)]
  0x00000043e342a800 JavaThread "jar transforms Thread 483" [_thread_blocked, id=8236, stack(0x00000043ef970000,0x00000043efa70000)]
  0x00000043e342d800 JavaThread "jar transforms Thread 484" [_thread_blocked, id=9128, stack(0x00000043efa70000,0x00000043efb70000)]
  0x00000043e342e800 JavaThread "jar transforms Thread 485" [_thread_blocked, id=8356, stack(0x00000043efb70000,0x00000043efc70000)]
  0x00000043e342f000 JavaThread "jar transforms Thread 486" [_thread_blocked, id=10040, stack(0x00000043efc70000,0x00000043efd70000)]
  0x00000043e342d000 JavaThread "jar transforms Thread 487" [_thread_blocked, id=2364, stack(0x00000043efd70000,0x00000043efe70000)]
  0x00000043e3432800 JavaThread "jar transforms Thread 488" [_thread_blocked, id=4884, stack(0x00000043efe70000,0x00000043eff70000)]
  0x00000043e3431000 JavaThread "jar transforms Thread 489" [_thread_blocked, id=8136, stack(0x00000043eff70000,0x00000043f0070000)]
  0x00000043e3430000 JavaThread "jar transforms Thread 490" [_thread_blocked, id=7196, stack(0x00000043f0070000,0x00000043f0170000)]
  0x00000043e3433800 JavaThread "jar transforms Thread 491" [_thread_blocked, id=3768, stack(0x00000043f0170000,0x00000043f0270000)]
  0x00000043e3434000 JavaThread "jar transforms Thread 492" [_thread_blocked, id=8612, stack(0x00000043f0270000,0x00000043f0370000)]
  0x00000043e3431800 JavaThread "jar transforms Thread 493" [_thread_blocked, id=8608, stack(0x00000043f0370000,0x00000043f0470000)]
  0x00000043e3435000 JavaThread "jar transforms Thread 494" [_thread_blocked, id=9572, stack(0x00000043f0470000,0x00000043f0570000)]
  0x00000043e9db9800 JavaThread "jar transforms Thread 495" [_thread_blocked, id=9360, stack(0x00000043f0570000,0x00000043f0670000)]
  0x00000043e9db8000 JavaThread "jar transforms Thread 496" [_thread_blocked, id=6240, stack(0x00000043f0670000,0x00000043f0770000)]
  0x00000043e9db9000 JavaThread "jar transforms Thread 497" [_thread_blocked, id=9764, stack(0x00000043f0770000,0x00000043f0870000)]
  0x00000043e9db7800 JavaThread "jar transforms Thread 498" [_thread_blocked, id=4316, stack(0x00000043f2df0000,0x00000043f2ef0000)]
  0x00000043e9dbe000 JavaThread "Exec process Thread 18" [_thread_blocked, id=8368, stack(0x00000043f4350000,0x00000043f4450000)]
  0x00000043e1e2d000 JavaThread "Exec process Thread 19" [_thread_blocked, id=9904, stack(0x00000043f4c70000,0x00000043f4d70000)]
  0x00000043e1e2a800 JavaThread "Exec process Thread 20" [_thread_blocked, id=4548, stack(0x00000043f4d70000,0x00000043f4e70000)]
  0x00000043e1e2c000 JavaThread "Exec process Thread 21" [_thread_blocked, id=7252, stack(0x00000043f4e70000,0x00000043f4f70000)]
  0x00000043e9ab8800 JavaThread "Handler for socket connection from /127.0.0.1:50128 to /127.0.0.1:60301" [_thread_in_native, id=9476, stack(0x00000043e4ef0000,0x00000043e4ff0000)]
  0x00000043e9ab7000 JavaThread "Cancel handler" [_thread_blocked, id=7268, stack(0x00000043e50f0000,0x00000043e51f0000)]
  0x00000043e9abb000 JavaThread "Asynchronous log dispatcher for DefaultDaemonConnection: socket connection from /127.0.0.1:50128 to /127.0.0.1:60301" [_thread_blocked, id=7452, stack(0x00000043e56e0000,0x00000043e57e0000)]
  0x00000043e9ab9800 JavaThread "Stdin handler" [_thread_blocked, id=344, stack(0x00000043e57e0000,0x00000043e58e0000)]
  0x00000043e9abc800 JavaThread "Thread-746" [_thread_blocked, id=9652, stack(0x00000043e59e0000,0x00000043e5ae0000)]
  0x00000043e9aba000 JavaThread "Cache worker for file hash cache (F:\Android\GalaxyTennis\.gradle\6.7.1\fileHashes)" [_thread_blocked, id=7528, stack(0x00000043e5ae0000,0x00000043e5be0000)]
  0x00000043e9abb800 JavaThread "Cache worker for checksums cache (F:\Android\GalaxyTennis\.gradle\checksums)" [_thread_blocked, id=7840, stack(0x00000043e5be0000,0x00000043e5ce0000)]
  0x00000043e9abe000 JavaThread "Cache worker for cache directory md-supplier (C:\Users\Денис\.gradle\caches\6.7.1\md-supplier)" [_thread_blocked, id=2872, stack(0x00000043e5ce0000,0x00000043e5de0000)]
  0x00000043e9abd800 JavaThread "Cache worker for cache directory md-rule (C:\Users\Денис\.gradle\caches\6.7.1\md-rule)" [_thread_blocked, id=8376, stack(0x00000043e7f90000,0x00000043e8090000)]
  0x00000043e9abf000 JavaThread "Build operations" [_thread_blocked, id=9700, stack(0x00000043eaf70000,0x00000043eb070000)]
  0x00000043e6b52800 JavaThread "C2 CompilerThread1" daemon [_thread_in_native, id=7292, stack(0x00000043eb570000,0x00000043eb670000)]

Other Threads:
  0x00000043e0057800 VMThread "VM Thread" [stack: 0x00000043e0e90000,0x00000043e0f90000] [id=4356]
  0x00000043e0c94000 WatcherThread [stack: 0x00000043e1970000,0x00000043e1a70000] [id=7376]
  0x00000043c75fe000 GCTaskThread "GC Thread#0" [stack: 0x00000043c6fa0000,0x00000043c70a0000] [id=10176]
  0x00000043e203e000 GCTaskThread "GC Thread#1" [stack: 0x00000043e2370000,0x00000043e2470000] [id=8852]
  0x00000043e0e8c800 GCTaskThread "GC Thread#2" [stack: 0x00000043e2470000,0x00000043e2570000] [id=8436]
  0x00000043e3d1e000 GCTaskThread "GC Thread#3" [stack: 0x00000043e5fe0000,0x00000043e60e0000] [id=4608]
  0x00000043c7623800 ConcurrentGCThread "G1 Main Marker" [stack: 0x00000043dd850000,0x00000043dd950000] [id=8912]
  0x00000043c7625000 ConcurrentGCThread "G1 Conc#0" [stack: 0x00000043dd950000,0x00000043dda50000] [id=6052]
  0x00000043dfebc800 ConcurrentGCThread "G1 Refine#0" [stack: 0x00000043e0090000,0x00000043e0190000] [id=9656]
  0x00000043dfebe000 ConcurrentGCThread "G1 Young RemSet Sampling" [stack: 0x00000043e0190000,0x00000043e0290000] [id=180]

Threads with active compile tasks:
C2 CompilerThread02265666 16238       4       org.objectweb.asm.ClassReader::readStackMapFrame (535 bytes)
C2 CompilerThread12265666 16019       4       org.objectweb.asm.ClassReader::readCode (5089 bytes)

VM state:not at safepoint (normal execution)

VM Mutex/Monitor currently owned by a thread: None

Heap address: 0x00000000a2400000, size: 1500 MB, Compressed Oops mode: 32-bit
Narrow klass base: 0x0000000000000000, Narrow klass shift: 3
Compressed class space size: 1073741824 Address: 0x0000000100000000

Heap:
 garbage-first heap   total 189440K, used 126951K [0x00000000a2400000, 0x0000000100000000)
  region size 1024K, 60 young (61440K), 10 survivors (10240K)
 Metaspace       used 98072K, capacity 101030K, committed 101160K, reserved 1136640K
  class space    used 12014K, capacity 13107K, committed 13184K, reserved 1048576K
Heap Regions: E=young(eden), S=young(survivor), O=old, HS=humongous(starts), HC=humongous(continues), CS=collection set, F=free, A=archive, TAMS=top-at-mark-start (previous, next)
|   0|0x00000000a2400000, 0x00000000a2500000, 0x00000000a2500000|100%| O|  |TAMS 0x00000000a2500000, 0x00000000a2400000| Untracked 
|   1|0x00000000a2500000, 0x00000000a2600000, 0x00000000a2600000|100%| O|  |TAMS 0x00000000a2600000, 0x00000000a2500000| Untracked 
|   2|0x00000000a2600000, 0x00000000a2700000, 0x00000000a2700000|100%| O|  |TAMS 0x00000000a2700000, 0x00000000a2600000| Untracked 
|   3|0x00000000a2700000, 0x00000000a2800000, 0x00000000a2800000|100%|HS|  |TAMS 0x00000000a2800000, 0x00000000a2700000| Complete 
|   4|0x00000000a2800000, 0x00000000a2900000, 0x00000000a2900000|100%|HC|  |TAMS 0x00000000a2900000, 0x00000000a2800000| Complete 
|   5|0x00000000a2900000, 0x00000000a2a00000, 0x00000000a2a00000|100%|HC|  |TAMS 0x00000000a2a00000, 0x00000000a2900000| Complete 
|   6|0x00000000a2a00000, 0x00000000a2b00000, 0x00000000a2b00000|100%| O|  |TAMS 0x00000000a2b00000, 0x00000000a2a00000| Untracked 
|   7|0x00000000a2b00000, 0x00000000a2c00000, 0x00000000a2c00000|100%| O|  |TAMS 0x00000000a2c00000, 0x00000000a2b00000| Untracked 
|   8|0x00000000a2c00000, 0x00000000a2d00000, 0x00000000a2d00000|100%| O|  |TAMS 0x00000000a2d00000, 0x00000000a2c00000| Untracked 
|   9|0x00000000a2d00000, 0x00000000a2e00000, 0x00000000a2e00000|100%| O|  |TAMS 0x00000000a2e00000, 0x00000000a2d00000| Untracked 
|  10|0x00000000a2e00000, 0x00000000a2f00000, 0x00000000a2f00000|100%| O|  |TAMS 0x00000000a2f00000, 0x00000000a2e00000| Untracked 
|  11|0x00000000a2f00000, 0x00000000a3000000, 0x00000000a3000000|100%| O|  |TAMS 0x00000000a3000000, 0x00000000a2f00000| Untracked 
|  12|0x00000000a3000000, 0x00000000a3100000, 0x00000000a3100000|100%| O|  |TAMS 0x00000000a3100000, 0x00000000a3000000| Untracked 
|  13|0x00000000a3100000, 0x00000000a3200000, 0x00000000a3200000|100%| O|  |TAMS 0x00000000a3200000, 0x00000000a3100000| Untracked 
|  14|0x00000000a3200000, 0x00000000a3300000, 0x00000000a3300000|100%| O|  |TAMS 0x00000000a3300000, 0x00000000a3200000| Untracked 
|  15|0x00000000a3300000, 0x00000000a3400000, 0x00000000a3400000|100%| O|  |TAMS 0x00000000a3400000, 0x00000000a3300000| Untracked 
|  16|0x00000000a3400000, 0x00000000a3500000, 0x00000000a3500000|100%| O|  |TAMS 0x00000000a3500000, 0x00000000a3400000| Untracked 
|  17|0x00000000a3500000, 0x00000000a3600000, 0x00000000a3600000|100%|HS|  |TAMS 0x00000000a3600000, 0x00000000a3500000| Complete 
|  18|0x00000000a3600000, 0x00000000a3700000, 0x00000000a3700000|100%|HC|  |TAMS 0x00000000a3700000, 0x00000000a3600000| Complete 
|  19|0x00000000a3700000, 0x00000000a3800000, 0x00000000a3800000|100%| O|  |TAMS 0x00000000a3800000, 0x00000000a3700000| Untracked 
|  20|0x00000000a3800000, 0x00000000a3900000, 0x00000000a3900000|100%| O|  |TAMS 0x00000000a3900000, 0x00000000a3800000| Untracked 
|  21|0x00000000a3900000, 0x00000000a3a00000, 0x00000000a3a00000|100%| O|  |TAMS 0x00000000a3a00000, 0x00000000a3900000| Untracked 
|  22|0x00000000a3a00000, 0x00000000a3b00000, 0x00000000a3b00000|100%| O|  |TAMS 0x00000000a3b00000, 0x00000000a3a00000| Untracked 
|  23|0x00000000a3b00000, 0x00000000a3c00000, 0x00000000a3c00000|100%| O|  |TAMS 0x00000000a3c00000, 0x00000000a3b00000| Untracked 
|  24|0x00000000a3c00000, 0x00000000a3d00000, 0x00000000a3d00000|100%| O|  |TAMS 0x00000000a3d00000, 0x00000000a3c00000| Untracked 
|  25|0x00000000a3d00000, 0x00000000a3e00000, 0x00000000a3e00000|100%| O|  |TAMS 0x00000000a3e00000, 0x00000000a3d00000| Untracked 
|  26|0x00000000a3e00000, 0x00000000a3f00000, 0x00000000a3f00000|100%| O|  |TAMS 0x00000000a3f00000, 0x00000000a3e00000| Untracked 
|  27|0x00000000a3f00000, 0x00000000a4000000, 0x00000000a4000000|100%| O|  |TAMS 0x00000000a4000000, 0x00000000a3f00000| Untracked 
|  28|0x00000000a4000000, 0x00000000a4100000, 0x00000000a4100000|100%| O|  |TAMS 0x00000000a4100000, 0x00000000a4000000| Untracked 
|  29|0x00000000a4100000, 0x00000000a4200000, 0x00000000a4200000|100%| O|  |TAMS 0x00000000a4200000, 0x00000000a4100000| Untracked 
|  30|0x00000000a4200000, 0x00000000a4300000, 0x00000000a4300000|100%| O|  |TAMS 0x00000000a4300000, 0x00000000a4200000| Untracked 
|  31|0x00000000a4300000, 0x00000000a4400000, 0x00000000a4400000|100%| O|  |TAMS 0x00000000a4400000, 0x00000000a4300000| Untracked 
|  32|0x00000000a4400000, 0x00000000a4500000, 0x00000000a4500000|100%| O|  |TAMS 0x00000000a4500000, 0x00000000a4400000| Untracked 
|  33|0x00000000a4500000, 0x00000000a4600000, 0x00000000a4600000|100%| O|  |TAMS 0x00000000a4600000, 0x00000000a4500000| Untracked 
|  34|0x00000000a4600000, 0x00000000a4700000, 0x00000000a4700000|100%| O|  |TAMS 0x00000000a4623e00, 0x00000000a4600000| Untracked 
|  35|0x00000000a4700000, 0x00000000a4800000, 0x00000000a4800000|100%| O|  |TAMS 0x00000000a4700000, 0x00000000a4700000| Untracked 
|  36|0x00000000a4800000, 0x00000000a4900000, 0x00000000a4900000|100%| O|  |TAMS 0x00000000a4800000, 0x00000000a4800000| Untracked 
|  37|0x00000000a4900000, 0x00000000a4a00000, 0x00000000a4a00000|100%| O|  |TAMS 0x00000000a4900000, 0x00000000a4900000| Untracked 
|  38|0x00000000a4a00000, 0x00000000a4b00000, 0x00000000a4b00000|100%| O|  |TAMS 0x00000000a4a00000, 0x00000000a4a00000| Untracked 
|  39|0x00000000a4b00000, 0x00000000a4c00000, 0x00000000a4c00000|100%| O|  |TAMS 0x00000000a4b00000, 0x00000000a4b00000| Untracked 
|  40|0x00000000a4c00000, 0x00000000a4d00000, 0x00000000a4d00000|100%| O|  |TAMS 0x00000000a4c00000, 0x00000000a4c00000| Untracked 
|  41|0x00000000a4d00000, 0x00000000a4e00000, 0x00000000a4e00000|100%| O|  |TAMS 0x00000000a4d00000, 0x00000000a4d00000| Untracked 
|  42|0x00000000a4e00000, 0x00000000a4f00000, 0x00000000a4f00000|100%| O|  |TAMS 0x00000000a4e00000, 0x00000000a4e00000| Untracked 
|  43|0x00000000a4f00000, 0x00000000a5000000, 0x00000000a5000000|100%| O|  |TAMS 0x00000000a4f00000, 0x00000000a4f00000| Untracked 
|  44|0x00000000a5000000, 0x00000000a5100000, 0x00000000a5100000|100%| O|  |TAMS 0x00000000a5000000, 0x00000000a5000000| Untracked 
|  45|0x00000000a5100000, 0x00000000a5200000, 0x00000000a5200000|100%| O|  |TAMS 0x00000000a5100000, 0x00000000a5100000| Untracked 
|  46|0x00000000a5200000, 0x00000000a5300000, 0x00000000a5300000|100%| O|  |TAMS 0x00000000a5200000, 0x00000000a5200000| Untracked 
|  47|0x00000000a5300000, 0x00000000a5400000, 0x00000000a5400000|100%| O|  |TAMS 0x00000000a5300000, 0x00000000a5300000| Untracked 
|  48|0x00000000a5400000, 0x00000000a5500000, 0x00000000a5500000|100%| O|  |TAMS 0x00000000a5400000, 0x00000000a5400000| Untracked 
|  49|0x00000000a5500000, 0x00000000a5600000, 0x00000000a5600000|100%| O|  |TAMS 0x00000000a5500000, 0x00000000a5500000| Untracked 
|  50|0x00000000a5600000, 0x00000000a5700000, 0x00000000a5700000|100%| O|  |TAMS 0x00000000a5600000, 0x00000000a5600000| Untracked 
|  51|0x00000000a5700000, 0x00000000a5800000, 0x00000000a5800000|100%| O|  |TAMS 0x00000000a5700000, 0x00000000a5700000| Untracked 
|  52|0x00000000a5800000, 0x00000000a5900000, 0x00000000a5900000|100%| O|  |TAMS 0x00000000a5800000, 0x00000000a5800000| Untracked 
|  53|0x00000000a5900000, 0x00000000a5a00000, 0x00000000a5a00000|100%| O|  |TAMS 0x00000000a5900000, 0x00000000a5900000| Untracked 
|  54|0x00000000a5a00000, 0x00000000a5b00000, 0x00000000a5b00000|100%| O|  |TAMS 0x00000000a5a00000, 0x00000000a5a00000| Untracked 
|  55|0x00000000a5b00000, 0x00000000a5c00000, 0x00000000a5c00000|100%| O|  |TAMS 0x00000000a5b00000, 0x00000000a5b00000| Untracked 
|  56|0x00000000a5c00000, 0x00000000a5d00000, 0x00000000a5d00000|100%| O|  |TAMS 0x00000000a5c00000, 0x00000000a5c00000| Untracked 
|  57|0x00000000a5d00000, 0x00000000a5e00000, 0x00000000a5e00000|100%| O|  |TAMS 0x00000000a5d00000, 0x00000000a5d00000| Untracked 
|  58|0x00000000a5e00000, 0x00000000a5f00000, 0x00000000a5f00000|100%| O|  |TAMS 0x00000000a5e00000, 0x00000000a5e00000| Untracked 
|  59|0x00000000a5f00000, 0x00000000a6000000, 0x00000000a6000000|100%| O|  |TAMS 0x00000000a5f00000, 0x00000000a5f00000| Untracked 
|  60|0x00000000a6000000, 0x00000000a6100000, 0x00000000a6100000|100%| O|  |TAMS 0x00000000a6000000, 0x00000000a6000000| Untracked 
|  61|0x00000000a6100000, 0x00000000a6200000, 0x00000000a6200000|100%| O|  |TAMS 0x00000000a6100000, 0x00000000a6100000| Untracked 
|  62|0x00000000a6200000, 0x00000000a6300000, 0x00000000a6300000|100%| O|  |TAMS 0x00000000a6200000, 0x00000000a6200000| Untracked 
|  63|0x00000000a6300000, 0x00000000a6400000, 0x00000000a6400000|100%| O|  |TAMS 0x00000000a6300000, 0x00000000a6300000| Untracked 
|  64|0x00000000a6400000, 0x00000000a6500000, 0x00000000a6500000|100%| O|  |TAMS 0x00000000a6400000, 0x00000000a6400000| Untracked 
|  65|0x00000000a6500000, 0x00000000a6600000, 0x00000000a6600000|100%| O|  |TAMS 0x00000000a6500000, 0x00000000a6500000| Untracked 
|  66|0x00000000a6600000, 0x00000000a66a4600, 0x00000000a6700000| 64%| O|  |TAMS 0x00000000a6600000, 0x00000000a6600000| Untracked 
|  67|0x00000000a6700000, 0x00000000a6700000, 0x00000000a6800000|  0%| F|  |TAMS 0x00000000a6700000, 0x00000000a6700000| Untracked 
|  68|0x00000000a6800000, 0x00000000a6800000, 0x00000000a6900000|  0%| F|  |TAMS 0x00000000a6800000, 0x00000000a6800000| Untracked 
|  69|0x00000000a6900000, 0x00000000a6900000, 0x00000000a6a00000|  0%| F|  |TAMS 0x00000000a6900000, 0x00000000a6900000| Untracked 
|  70|0x00000000a6a00000, 0x00000000a6a00000, 0x00000000a6b00000|  0%| F|  |TAMS 0x00000000a6a00000, 0x00000000a6a00000| Untracked 
|  71|0x00000000a6b00000, 0x00000000a6b00000, 0x00000000a6c00000|  0%| F|  |TAMS 0x00000000a6b00000, 0x00000000a6b00000| Untracked 
|  72|0x00000000a6c00000, 0x00000000a6c00000, 0x00000000a6d00000|  0%| F|  |TAMS 0x00000000a6c00000, 0x00000000a6c00000| Untracked 
|  73|0x00000000a6d00000, 0x00000000a6d00000, 0x00000000a6e00000|  0%| F|  |TAMS 0x00000000a6d00000, 0x00000000a6d00000| Untracked 
|  74|0x00000000a6e00000, 0x00000000a6e00000, 0x00000000a6f00000|  0%| F|  |TAMS 0x00000000a6e00000, 0x00000000a6e00000| Untracked 
|  75|0x00000000a6f00000, 0x00000000a6f00000, 0x00000000a7000000|  0%| F|  |TAMS 0x00000000a6f00000, 0x00000000a6f00000| Untracked 
|  76|0x00000000a7000000, 0x00000000a7000000, 0x00000000a7100000|  0%| F|  |TAMS 0x00000000a7000000, 0x00000000a7000000| Untracked 
|  77|0x00000000a7100000, 0x00000000a7100000, 0x00000000a7200000|  0%| F|  |TAMS 0x00000000a7100000, 0x00000000a7100000| Untracked 
|  78|0x00000000a7200000, 0x00000000a7200000, 0x00000000a7300000|  0%| F|  |TAMS 0x00000000a7200000, 0x00000000a7200000| Untracked 
|  79|0x00000000a7300000, 0x00000000a7300000, 0x00000000a7400000|  0%| F|  |TAMS 0x00000000a7300000, 0x00000000a7300000| Untracked 
|  80|0x00000000a7400000, 0x00000000a7400000, 0x00000000a7500000|  0%| F|  |TAMS 0x00000000a7400000, 0x00000000a7400000| Untracked 
|  81|0x00000000a7500000, 0x00000000a7500000, 0x00000000a7600000|  0%| F|  |TAMS 0x00000000a7500000, 0x00000000a7500000| Untracked 
|  82|0x00000000a7600000, 0x00000000a7600000, 0x00000000a7700000|  0%| F|  |TAMS 0x00000000a7600000, 0x00000000a7600000| Untracked 
|  83|0x00000000a7700000, 0x00000000a7700000, 0x00000000a7800000|  0%| F|  |TAMS 0x00000000a7700000, 0x00000000a7700000| Untracked 
|  84|0x00000000a7800000, 0x00000000a7800000, 0x00000000a7900000|  0%| F|  |TAMS 0x00000000a7800000, 0x00000000a7800000| Untracked 
|  85|0x00000000a7900000, 0x00000000a7900000, 0x00000000a7a00000|  0%| F|  |TAMS 0x00000000a7900000, 0x00000000a7900000| Untracked 
|  86|0x00000000a7a00000, 0x00000000a7a00000, 0x00000000a7b00000|  0%| F|  |TAMS 0x00000000a7a00000, 0x00000000a7a00000| Untracked 
|  87|0x00000000a7b00000, 0x00000000a7b00000, 0x00000000a7c00000|  0%| F|  |TAMS 0x00000000a7b00000, 0x00000000a7b00000| Untracked 
|  88|0x00000000a7c00000, 0x00000000a7c00000, 0x00000000a7d00000|  0%| F|  |TAMS 0x00000000a7c00000, 0x00000000a7c00000| Untracked 
|  89|0x00000000a7d00000, 0x00000000a7d55940, 0x00000000a7e00000| 33%| S|CS|TAMS 0x00000000a7d00000, 0x00000000a7d00000| Complete 
|  90|0x00000000a7e00000, 0x00000000a7f00000, 0x00000000a7f00000|100%| S|CS|TAMS 0x00000000a7e00000, 0x00000000a7e00000| Complete 
|  91|0x00000000a7f00000, 0x00000000a8000000, 0x00000000a8000000|100%| S|CS|TAMS 0x00000000a7f00000, 0x00000000a7f00000| Complete 
|  92|0x00000000a8000000, 0x00000000a8100000, 0x00000000a8100000|100%| S|CS|TAMS 0x00000000a8000000, 0x00000000a8000000| Complete 
|  93|0x00000000a8100000, 0x00000000a8200000, 0x00000000a8200000|100%| S|CS|TAMS 0x00000000a8100000, 0x00000000a8100000| Complete 
|  94|0x00000000a8200000, 0x00000000a8300000, 0x00000000a8300000|100%| S|CS|TAMS 0x00000000a8200000, 0x00000000a8200000| Complete 
|  95|0x00000000a8300000, 0x00000000a8400000, 0x00000000a8400000|100%| S|CS|TAMS 0x00000000a8300000, 0x00000000a8300000| Complete 
|  96|0x00000000a8400000, 0x00000000a8500000, 0x00000000a8500000|100%| S|CS|TAMS 0x00000000a8400000, 0x00000000a8400000| Complete 
|  97|0x00000000a8500000, 0x00000000a8600000, 0x00000000a8600000|100%| S|CS|TAMS 0x00000000a8500000, 0x00000000a8500000| Complete 
|  98|0x00000000a8600000, 0x00000000a8700000, 0x00000000a8700000|100%| S|CS|TAMS 0x00000000a8600000, 0x00000000a8600000| Complete 
|  99|0x00000000a8700000, 0x00000000a8700000, 0x00000000a8800000|  0%| F|  |TAMS 0x00000000a8700000, 0x00000000a8700000| Untracked 
| 100|0x00000000a8800000, 0x00000000a8800000, 0x00000000a8900000|  0%| F|  |TAMS 0x00000000a8800000, 0x00000000a8800000| Untracked 
| 101|0x00000000a8900000, 0x00000000a8900000, 0x00000000a8a00000|  0%| F|  |TAMS 0x00000000a8900000, 0x00000000a8900000| Untracked 
| 102|0x00000000a8a00000, 0x00000000a8a00000, 0x00000000a8b00000|  0%| F|  |TAMS 0x00000000a8a00000, 0x00000000a8a00000| Untracked 
| 103|0x00000000a8b00000, 0x00000000a8b00000, 0x00000000a8c00000|  0%| F|  |TAMS 0x00000000a8b00000, 0x00000000a8b00000| Untracked 
| 104|0x00000000a8c00000, 0x00000000a8c00000, 0x00000000a8d00000|  0%| F|  |TAMS 0x00000000a8c00000, 0x00000000a8c00000| Untracked 
| 105|0x00000000a8d00000, 0x00000000a8d00000, 0x00000000a8e00000|  0%| F|  |TAMS 0x00000000a8d00000, 0x00000000a8d00000| Untracked 
| 106|0x00000000a8e00000, 0x00000000a8e00000, 0x00000000a8f00000|  0%| F|  |TAMS 0x00000000a8e00000, 0x00000000a8e00000| Untracked 
| 107|0x00000000a8f00000, 0x00000000a8f00000, 0x00000000a9000000|  0%| F|  |TAMS 0x00000000a8f00000, 0x00000000a8f00000| Untracked 
| 108|0x00000000a9000000, 0x00000000a9000000, 0x00000000a9100000|  0%| F|  |TAMS 0x00000000a9000000, 0x00000000a9000000| Untracked 
| 109|0x00000000a9100000, 0x00000000a9100000, 0x00000000a9200000|  0%| F|  |TAMS 0x00000000a9100000, 0x00000000a9100000| Untracked 
| 110|0x00000000a9200000, 0x00000000a9200000, 0x00000000a9300000|  0%| F|  |TAMS 0x00000000a9200000, 0x00000000a9200000| Untracked 
| 111|0x00000000a9300000, 0x00000000a9300000, 0x00000000a9400000|  0%| F|  |TAMS 0x00000000a9300000, 0x00000000a9300000| Untracked 
| 112|0x00000000a9400000, 0x00000000a9400000, 0x00000000a9500000|  0%| F|  |TAMS 0x00000000a9400000, 0x00000000a9400000| Untracked 
| 113|0x00000000a9500000, 0x00000000a9500000, 0x00000000a9600000|  0%| F|  |TAMS 0x00000000a9500000, 0x00000000a9500000| Untracked 
| 114|0x00000000a9600000, 0x00000000a9600000, 0x00000000a9700000|  0%| F|  |TAMS 0x00000000a9600000, 0x00000000a9600000| Untracked 
| 115|0x00000000a9700000, 0x00000000a9700000, 0x00000000a9800000|  0%| F|  |TAMS 0x00000000a9700000, 0x00000000a9700000| Untracked 
| 116|0x00000000a9800000, 0x00000000a9800000, 0x00000000a9900000|  0%| F|  |TAMS 0x00000000a9800000, 0x00000000a9800000| Untracked 
| 117|0x00000000a9900000, 0x00000000a9900000, 0x00000000a9a00000|  0%| F|  |TAMS 0x00000000a9900000, 0x00000000a9900000| Untracked 
| 118|0x00000000a9a00000, 0x00000000a9a00000, 0x00000000a9b00000|  0%| F|  |TAMS 0x00000000a9a00000, 0x00000000a9a00000| Untracked 
| 119|0x00000000a9b00000, 0x00000000a9b00000, 0x00000000a9c00000|  0%| F|  |TAMS 0x00000000a9b00000, 0x00000000a9b00000| Untracked 
| 120|0x00000000a9c00000, 0x00000000a9c00000, 0x00000000a9d00000|  0%| F|  |TAMS 0x00000000a9c00000, 0x00000000a9c00000| Untracked 
| 121|0x00000000a9d00000, 0x00000000a9d00000, 0x00000000a9e00000|  0%| F|  |TAMS 0x00000000a9d00000, 0x00000000a9d00000| Untracked 
| 122|0x00000000a9e00000, 0x00000000a9e00000, 0x00000000a9f00000|  0%| F|  |TAMS 0x00000000a9e00000, 0x00000000a9e00000| Untracked 
| 123|0x00000000a9f00000, 0x00000000a9f00000, 0x00000000aa000000|  0%| F|  |TAMS 0x00000000a9f00000, 0x00000000a9f00000| Untracked 
| 124|0x00000000aa000000, 0x00000000aa000000, 0x00000000aa100000|  0%| F|  |TAMS 0x00000000aa000000, 0x00000000aa000000| Untracked 
| 125|0x00000000aa100000, 0x00000000aa100000, 0x00000000aa200000|  0%| F|  |TAMS 0x00000000aa100000, 0x00000000aa100000| Untracked 
| 126|0x00000000aa200000, 0x00000000aa200000, 0x00000000aa300000|  0%| F|  |TAMS 0x00000000aa200000, 0x00000000aa200000| Untracked 
| 127|0x00000000aa300000, 0x00000000aa300000, 0x00000000aa400000|  0%| F|  |TAMS 0x00000000aa300000, 0x00000000aa300000| Untracked 
| 128|0x00000000aa400000, 0x00000000aa400000, 0x00000000aa500000|  0%| F|  |TAMS 0x00000000aa400000, 0x00000000aa400000| Untracked 
| 129|0x00000000aa500000, 0x00000000aa500000, 0x00000000aa600000|  0%| F|  |TAMS 0x00000000aa500000, 0x00000000aa500000| Untracked 
| 130|0x00000000aa600000, 0x00000000aa600000, 0x00000000aa700000|  0%| F|  |TAMS 0x00000000aa600000, 0x00000000aa600000| Untracked 
| 131|0x00000000aa700000, 0x00000000aa700000, 0x00000000aa800000|  0%| F|  |TAMS 0x00000000aa700000, 0x00000000aa700000| Untracked 
| 132|0x00000000aa800000, 0x00000000aa800000, 0x00000000aa900000|  0%| F|  |TAMS 0x00000000aa800000, 0x00000000aa800000| Untracked 
| 133|0x00000000aa900000, 0x00000000aa900000, 0x00000000aaa00000|  0%| F|  |TAMS 0x00000000aa900000, 0x00000000aa900000| Untracked 
| 134|0x00000000aaa00000, 0x00000000aaa00000, 0x00000000aab00000|  0%| F|  |TAMS 0x00000000aaa00000, 0x00000000aaa00000| Untracked 
| 135|0x00000000aab00000, 0x00000000aab0ffa0, 0x00000000aac00000|  6%| E|  |TAMS 0x00000000aab00000, 0x00000000aab00000| Complete 
| 136|0x00000000aac00000, 0x00000000aad00000, 0x00000000aad00000|100%| E|CS|TAMS 0x00000000aac00000, 0x00000000aac00000| Complete 
| 137|0x00000000aad00000, 0x00000000aae00000, 0x00000000aae00000|100%| E|  |TAMS 0x00000000aad00000, 0x00000000aad00000| Complete 
| 138|0x00000000aae00000, 0x00000000aaf00000, 0x00000000aaf00000|100%| E|CS|TAMS 0x00000000aae00000, 0x00000000aae00000| Complete 
| 139|0x00000000aaf00000, 0x00000000ab000000, 0x00000000ab000000|100%| E|CS|TAMS 0x00000000aaf00000, 0x00000000aaf00000| Complete 
| 140|0x00000000ab000000, 0x00000000ab100000, 0x00000000ab100000|100%| E|CS|TAMS 0x00000000ab000000, 0x00000000ab000000| Complete 
| 141|0x00000000ab100000, 0x00000000ab200000, 0x00000000ab200000|100%| E|CS|TAMS 0x00000000ab100000, 0x00000000ab100000| Complete 
| 142|0x00000000ab200000, 0x00000000ab300000, 0x00000000ab300000|100%| E|CS|TAMS 0x00000000ab200000, 0x00000000ab200000| Complete 
| 143|0x00000000ab300000, 0x00000000ab400000, 0x00000000ab400000|100%| E|CS|TAMS 0x00000000ab300000, 0x00000000ab300000| Complete 
| 144|0x00000000ab400000, 0x00000000ab500000, 0x00000000ab500000|100%| E|CS|TAMS 0x00000000ab400000, 0x00000000ab400000| Complete 
| 145|0x00000000ab500000, 0x00000000ab600000, 0x00000000ab600000|100%| E|CS|TAMS 0x00000000ab500000, 0x00000000ab500000| Complete 
| 146|0x00000000ab600000, 0x00000000ab700000, 0x00000000ab700000|100%| E|CS|TAMS 0x00000000ab600000, 0x00000000ab600000| Complete 
| 147|0x00000000ab700000, 0x00000000ab800000, 0x00000000ab800000|100%| E|CS|TAMS 0x00000000ab700000, 0x00000000ab700000| Complete 
| 148|0x00000000ab800000, 0x00000000ab900000, 0x00000000ab900000|100%| E|CS|TAMS 0x00000000ab800000, 0x00000000ab800000| Complete 
| 149|0x00000000ab900000, 0x00000000aba00000, 0x00000000aba00000|100%| E|CS|TAMS 0x00000000ab900000, 0x00000000ab900000| Complete 
| 150|0x00000000aba00000, 0x00000000abb00000, 0x00000000abb00000|100%| E|CS|TAMS 0x00000000aba00000, 0x00000000aba00000| Complete 
| 151|0x00000000abb00000, 0x00000000abc00000, 0x00000000abc00000|100%| E|CS|TAMS 0x00000000abb00000, 0x00000000abb00000| Complete 
| 152|0x00000000abc00000, 0x00000000abd00000, 0x00000000abd00000|100%| E|CS|TAMS 0x00000000abc00000, 0x00000000abc00000| Complete 
| 153|0x00000000abd00000, 0x00000000abe00000, 0x00000000abe00000|100%| E|CS|TAMS 0x00000000abd00000, 0x00000000abd00000| Complete 
| 154|0x00000000abe00000, 0x00000000abf00000, 0x00000000abf00000|100%| E|CS|TAMS 0x00000000abe00000, 0x00000000abe00000| Complete 
| 155|0x00000000abf00000, 0x00000000ac000000, 0x00000000ac000000|100%| E|CS|TAMS 0x00000000abf00000, 0x00000000abf00000| Complete 
| 156|0x00000000ac000000, 0x00000000ac100000, 0x00000000ac100000|100%| E|CS|TAMS 0x00000000ac000000, 0x00000000ac000000| Complete 
| 157|0x00000000ac100000, 0x00000000ac200000, 0x00000000ac200000|100%| E|CS|TAMS 0x00000000ac100000, 0x00000000ac100000| Complete 
| 158|0x00000000ac200000, 0x00000000ac300000, 0x00000000ac300000|100%| E|CS|TAMS 0x00000000ac200000, 0x00000000ac200000| Complete 
| 159|0x00000000ac300000, 0x00000000ac400000, 0x00000000ac400000|100%| E|CS|TAMS 0x00000000ac300000, 0x00000000ac300000| Complete 
| 160|0x00000000ac400000, 0x00000000ac500000, 0x00000000ac500000|100%| E|CS|TAMS 0x00000000ac400000, 0x00000000ac400000| Complete 
| 161|0x00000000ac500000, 0x00000000ac600000, 0x00000000ac600000|100%| E|CS|TAMS 0x00000000ac500000, 0x00000000ac500000| Complete 
| 162|0x00000000ac600000, 0x00000000ac700000, 0x00000000ac700000|100%| E|CS|TAMS 0x00000000ac600000, 0x00000000ac600000| Complete 
| 163|0x00000000ac700000, 0x00000000ac800000, 0x00000000ac800000|100%| E|CS|TAMS 0x00000000ac700000, 0x00000000ac700000| Complete 
| 164|0x00000000ac800000, 0x00000000ac900000, 0x00000000ac900000|100%| E|CS|TAMS 0x00000000ac800000, 0x00000000ac800000| Complete 
| 165|0x00000000ac900000, 0x00000000aca00000, 0x00000000aca00000|100%| E|CS|TAMS 0x00000000ac900000, 0x00000000ac900000| Complete 
| 166|0x00000000aca00000, 0x00000000acb00000, 0x00000000acb00000|100%| E|CS|TAMS 0x00000000aca00000, 0x00000000aca00000| Complete 
| 167|0x00000000acb00000, 0x00000000acc00000, 0x00000000acc00000|100%| E|CS|TAMS 0x00000000acb00000, 0x00000000acb00000| Complete 
| 168|0x00000000acc00000, 0x00000000acd00000, 0x00000000acd00000|100%| E|CS|TAMS 0x00000000acc00000, 0x00000000acc00000| Complete 
| 169|0x00000000acd00000, 0x00000000ace00000, 0x00000000ace00000|100%| E|CS|TAMS 0x00000000acd00000, 0x00000000acd00000| Complete 
| 170|0x00000000ace00000, 0x00000000acf00000, 0x00000000acf00000|100%| E|CS|TAMS 0x00000000ace00000, 0x00000000ace00000| Complete 
| 171|0x00000000acf00000, 0x00000000ad000000, 0x00000000ad000000|100%| E|CS|TAMS 0x00000000acf00000, 0x00000000acf00000| Complete 
| 172|0x00000000ad000000, 0x00000000ad100000, 0x00000000ad100000|100%| E|CS|TAMS 0x00000000ad000000, 0x00000000ad000000| Complete 
| 173|0x00000000ad100000, 0x00000000ad200000, 0x00000000ad200000|100%| E|CS|TAMS 0x00000000ad100000, 0x00000000ad100000| Complete 
| 174|0x00000000ad200000, 0x00000000ad300000, 0x00000000ad300000|100%| E|CS|TAMS 0x00000000ad200000, 0x00000000ad200000| Complete 
| 175|0x00000000ad300000, 0x00000000ad400000, 0x00000000ad400000|100%| E|CS|TAMS 0x00000000ad300000, 0x00000000ad300000| Complete 
| 176|0x00000000ad400000, 0x00000000ad500000, 0x00000000ad500000|100%| E|CS|TAMS 0x00000000ad400000, 0x00000000ad400000| Complete 
| 177|0x00000000ad500000, 0x00000000ad600000, 0x00000000ad600000|100%| E|CS|TAMS 0x00000000ad500000, 0x00000000ad500000| Complete 
| 178|0x00000000ad600000, 0x00000000ad700000, 0x00000000ad700000|100%| E|CS|TAMS 0x00000000ad600000, 0x00000000ad600000| Complete 
| 179|0x00000000ad700000, 0x00000000ad800000, 0x00000000ad800000|100%| E|CS|TAMS 0x00000000ad700000, 0x00000000ad700000| Complete 
| 180|0x00000000ad800000, 0x00000000ad900000, 0x00000000ad900000|100%| E|CS|TAMS 0x00000000ad800000, 0x00000000ad800000| Complete 
| 181|0x00000000ad900000, 0x00000000ada00000, 0x00000000ada00000|100%| E|CS|TAMS 0x00000000ad900000, 0x00000000ad900000| Complete 
| 182|0x00000000ada00000, 0x00000000adb00000, 0x00000000adb00000|100%| E|CS|TAMS 0x00000000ada00000, 0x00000000ada00000| Complete 
| 183|0x00000000adb00000, 0x00000000adc00000, 0x00000000adc00000|100%| E|CS|TAMS 0x00000000adb00000, 0x00000000adb00000| Complete 
| 184|0x00000000adc00000, 0x00000000add00000, 0x00000000add00000|100%| E|CS|TAMS 0x00000000adc00000, 0x00000000adc00000| Complete 

Card table byte_map: [0x00000043da390000,0x00000043da680000] _byte_map_base: 0x00000043d9e7e000

Marking Bits (Prev, Next): (CMBitMap*) 0x00000043c761ce50, (CMBitMap*) 0x00000043c761ce18
 Prev Bits: [0x00000043dc0e0000, 0x00000043dd850000)
 Next Bits: [0x00000043da970000, 0x00000043dc0e0000)

Polling page: 0x00000043c6d90000

Metaspace:

Usage:
  Non-class:     85.86 MB capacity,    84.04 MB ( 98%) used,     1.52 MB (  2%) free+waste,   312.69 KB ( <1%) overhead. 
      Class:     12.80 MB capacity,    11.73 MB ( 92%) used,   951.04 KB (  7%) free+waste,   141.63 KB (  1%) overhead. 
       Both:     98.66 MB capacity,    95.77 MB ( 97%) used,     2.44 MB (  2%) free+waste,   454.31 KB ( <1%) overhead. 

Virtual space:
  Non-class space:       86.00 MB reserved,      85.91 MB (>99%) committed 
      Class space:        1.00 GB reserved,      12.88 MB (  1%) committed 
             Both:        1.08 GB reserved,      98.79 MB (  9%) committed 

Chunk freelists:
   Non-Class:  53.00 KB
       Class:  13.00 KB
        Both:  66.00 KB

MaxMetaspaceSize: 17179869184.00 GB
CompressedClassSpaceSize: 1.00 GB

CodeHeap 'non-profiled nmethods': size=120064Kb used=9748Kb max_used=9748Kb free=110315Kb
 bounds [0x00000043d2b60000, 0x00000043d34f0000, 0x00000043da0a0000]
CodeHeap 'profiled nmethods': size=120000Kb used=37524Kb max_used=37524Kb free=82475Kb
 bounds [0x00000043cb630000, 0x00000043cdae0000, 0x00000043d2b60000]
CodeHeap 'non-nmethods': size=5696Kb used=2306Kb max_used=2337Kb free=3389Kb
 bounds [0x00000043cb0a0000, 0x00000043cb310000, 0x00000043cb630000]
 total_blobs=17108 nmethods=16187 adapters=831
 compilation: enabled
              stopped_count=0, restarted_count=0
 full_count=0

Compilation events (20 events):
Event: 2265.544 Thread 0x00000043e0aea000 nmethod 16234% 0x00000043d34e1c90 code [0x00000043d34e1e40, 0x00000043d34e2348]
Event: 2265.544 Thread 0x00000043e0aea000 16196       4       org.objectweb.asm.MethodVisitor::visitMethodInsn (80 bytes)
Event: 2265.545 Thread 0x00000043e0aea000 nmethod 16196 0x00000043d34e2610 code [0x00000043d34e27c0, 0x00000043d34e28c8]
Event: 2265.545 Thread 0x00000043e0aea000 16209       4       org.gradle.internal.classpath.InstrumentingTransformer$InstrumentingMethodVisitor::visitMethodInsn (521 bytes)
Event: 2265.558 Thread 0x00000043e0aea000 nmethod 16209 0x00000043d34e2a10 code [0x00000043d34e2d40, 0x00000043d34e4130]
Event: 2265.558 Thread 0x00000043e0aea000 16238       4       org.objectweb.asm.ClassReader::readStackMapFrame (535 bytes)
Event: 2265.601 Thread 0x00000043e0af8000 16245       2       org.objectweb.asm.SymbolTable::addBootstrapMethod (228 bytes)
Event: 2265.601 Thread 0x00000043e0af8000 nmethod 16245 0x00000043cdac0090 code [0x00000043cdac02e0, 0x00000043cdac0908]
Event: 2265.602 Thread 0x00000043e0af8000 16246       2       org.objectweb.asm.ByteVector::put112 (80 bytes)
Event: 2265.602 Thread 0x00000043e0af8000 nmethod 16246 0x00000043cdac0d10 code [0x00000043cdac0ee0, 0x00000043cdac10e8]
Event: 2265.607 Thread 0x00000043e0af8000 16247       2       org.gradle.internal.classpath.InstrumentingTransformer$InstrumentingMethodVisitor::visitMethodInsn (521 bytes)
Event: 2265.612 Thread 0x00000043e0af8000 nmethod 16247 0x00000043cdac1290 code [0x00000043cdac19c0, 0x00000043cdac3cd8]
Event: 2265.612 Thread 0x00000043e0af8000 16248       2       org.gradle.internal.classpath.InstrumentingTransformer::access$1900 (4 bytes)
Event: 2265.612 Thread 0x00000043e0af8000 nmethod 16248 0x00000043cdac5590 code [0x00000043cdac5740, 0x00000043cdac5818]
Event: 2265.612 Thread 0x00000043e0af8000 16249       2       org.gradle.internal.classpath.InstrumentingTransformer::access$2600 (4 bytes)
Event: 2265.612 Thread 0x00000043e0af8000 nmethod 16249 0x00000043cdac5890 code [0x00000043cdac5a40, 0x00000043cdac5b18]
Event: 2265.612 Thread 0x00000043e0af8000 16250       2       org.gradle.internal.classpath.InstrumentingTransformer::access$3300 (4 bytes)
Event: 2265.612 Thread 0x00000043e0af8000 nmethod 16250 0x00000043cdac5b90 code [0x00000043cdac5d40, 0x00000043cdac5e18]
Event: 2265.612 Thread 0x00000043e0af8000 16251       2       org.gradle.internal.classpath.InstrumentingTransformer::access$1300 (4 bytes)
Event: 2265.612 Thread 0x00000043e0af8000 nmethod 16251 0x00000043cdac5e90 code [0x00000043cdac6040, 0x00000043cdac6118]

GC Heap History (20 events):
Event: 8.388 GC heap before
{Heap before GC invocations=15 (full 0):
 garbage-first heap   total 189440K, used 135729K [0x00000000a2400000, 0x0000000100000000)
  region size 1024K, 95 young (97280K), 10 survivors (10240K)
 Metaspace       used 69259K, capacity 71094K, committed 71336K, reserved 1112064K
  class space    used 9011K, capacity 9675K, committed 9728K, reserved 1048576K
}
Event: 8.404 GC heap after
{Heap after GC invocations=16 (full 0):
 garbage-first heap   total 189440K, used 57848K [0x00000000a2400000, 0x0000000100000000)
  region size 1024K, 12 young (12288K), 12 survivors (12288K)
 Metaspace       used 69259K, capacity 71094K, committed 71336K, reserved 1112064K
  class space    used 9011K, capacity 9675K, committed 9728K, reserved 1048576K
}
Event: 9.363 GC heap before
{Heap before GC invocations=16 (full 0):
 garbage-first heap   total 189440K, used 140792K [0x00000000a2400000, 0x0000000100000000)
  region size 1024K, 94 young (96256K), 12 survivors (12288K)
 Metaspace       used 77647K, capacity 79856K, committed 79912K, reserved 1118208K
  class space    used 10228K, capacity 11106K, committed 11136K, reserved 1048576K
}
Event: 9.380 GC heap after
{Heap after GC invocations=17 (full 0):
 garbage-first heap   total 189440K, used 66373K [0x00000000a2400000, 0x0000000100000000)
  region size 1024K, 8 young (8192K), 8 survivors (8192K)
 Metaspace       used 77647K, capacity 79856K, committed 79912K, reserved 1118208K
  class space    used 10228K, capacity 11106K, committed 11136K, reserved 1048576K
}
Event: 57.641 GC heap before
{Heap before GC invocations=17 (full 0):
 garbage-first heap   total 189440K, used 145221K [0x00000000a2400000, 0x0000000100000000)
  region size 1024K, 86 young (88064K), 8 survivors (8192K)
 Metaspace       used 86555K, capacity 88924K, committed 89000K, reserved 1126400K
  class space    used 11042K, capacity 11971K, committed 12032K, reserved 1048576K
}
Event: 57.654 GC heap after
{Heap after GC invocations=18 (full 0):
 garbage-first heap   total 189440K, used 70430K [0x00000000a2400000, 0x0000000100000000)
  region size 1024K, 5 young (5120K), 5 survivors (5120K)
 Metaspace       used 86555K, capacity 88924K, committed 89000K, reserved 1126400K
  class space    used 11042K, capacity 11971K, committed 12032K, reserved 1048576K
}
Event: 163.067 GC heap before
{Heap before GC invocations=18 (full 0):
 garbage-first heap   total 189440K, used 149278K [0x00000000a2400000, 0x0000000100000000)
  region size 1024K, 82 young (83968K), 5 survivors (5120K)
 Metaspace       used 88464K, capacity 90974K, committed 91048K, reserved 1128448K
  class space    used 11078K, capacity 12024K, committed 12032K, reserved 1048576K
}
Event: 163.072 GC heap after
{Heap after GC invocations=19 (full 0):
 garbage-first heap   total 189440K, used 69121K [0x00000000a2400000, 0x0000000100000000)
  region size 1024K, 4 young (4096K), 4 survivors (4096K)
 Metaspace       used 88464K, capacity 90974K, committed 91048K, reserved 1128448K
  class space    used 11078K, capacity 12024K, committed 12032K, reserved 1048576K
}
Event: 174.700 GC heap before
{Heap before GC invocations=19 (full 0):
 garbage-first heap   total 189440K, used 150017K [0x00000000a2400000, 0x0000000100000000)
  region size 1024K, 83 young (84992K), 4 survivors (4096K)
 Metaspace       used 89643K, capacity 92283K, committed 92456K, reserved 1130496K
  class space    used 11126K, capacity 12113K, committed 12160K, reserved 1048576K
}
Event: 174.709 GC heap after
{Heap after GC invocations=20 (full 0):
 garbage-first heap   total 189440K, used 73006K [0x00000000a2400000, 0x0000000100000000)
  region size 1024K, 8 young (8192K), 8 survivors (8192K)
 Metaspace       used 89643K, capacity 92283K, committed 92456K, reserved 1130496K
  class space    used 11126K, capacity 12113K, committed 12160K, reserved 1048576K
}
Event: 670.593 GC heap before
{Heap before GC invocations=20 (full 0):
 garbage-first heap   total 189440K, used 150830K [0x00000000a2400000, 0x0000000100000000)
  region size 1024K, 85 young (87040K), 8 survivors (8192K)
 Metaspace       used 90395K, capacity 93200K, committed 93352K, reserved 1130496K
  class space    used 11170K, capacity 12188K, committed 12288K, reserved 1048576K
}
Event: 670.601 GC heap after
{Heap after GC invocations=21 (full 0):
 garbage-first heap   total 189440K, used 71313K [0x00000000a2400000, 0x0000000100000000)
  region size 1024K, 3 young (3072K), 3 survivors (3072K)
 Metaspace       used 90395K, capacity 93200K, committed 93352K, reserved 1130496K
  class space    used 11170K, capacity 12188K, committed 12288K, reserved 1048576K
}
Event: 2001.913 GC heap before
{Heap before GC invocations=21 (full 0):
 garbage-first heap   total 189440K, used 153233K [0x00000000a2400000, 0x0000000100000000)
  region size 1024K, 83 young (84992K), 3 survivors (3072K)
 Metaspace       used 90594K, capacity 93337K, committed 93608K, reserved 1130496K
  class space    used 11170K, capacity 12188K, committed 12288K, reserved 1048576K
}
Event: 2001.918 GC heap after
{Heap after GC invocations=22 (full 0):
 garbage-first heap   total 189440K, used 69120K [0x00000000a2400000, 0x0000000100000000)
  region size 1024K, 1 young (1024K), 1 survivors (1024K)
 Metaspace       used 90594K, capacity 93337K, committed 93608K, reserved 1130496K
  class space    used 11170K, capacity 12188K, committed 12288K, reserved 1048576K
}
Event: 2061.224 GC heap before
{Heap before GC invocations=22 (full 0):
 garbage-first heap   total 189440K, used 153088K [0x00000000a2400000, 0x0000000100000000)
  region size 1024K, 84 young (86016K), 1 survivors (1024K)
 Metaspace       used 91382K, capacity 94315K, committed 94376K, reserved 1132544K
  class space    used 11225K, capacity 12286K, committed 12288K, reserved 1048576K
}
Event: 2061.233 GC heap after
{Heap after GC invocations=23 (full 0):
 garbage-first heap   total 189440K, used 73888K [0x00000000a2400000, 0x0000000100000000)
  region size 1024K, 6 young (6144K), 6 survivors (6144K)
 Metaspace       used 91382K, capacity 94315K, committed 94376K, reserved 1132544K
  class space    used 11225K, capacity 12286K, committed 12288K, reserved 1048576K
}
Event: 2260.073 GC heap before
{Heap before GC invocations=23 (full 0):
 garbage-first heap   total 189440K, used 153760K [0x00000000a2400000, 0x0000000100000000)
  region size 1024K, 85 young (87040K), 6 survivors (6144K)
 Metaspace       used 92971K, capacity 95996K, committed 96168K, reserved 1132544K
  class space    used 11376K, capacity 12498K, committed 12544K, reserved 1048576K
}
Event: 2260.078 GC heap after
{Heap after GC invocations=24 (full 0):
 garbage-first heap   total 189440K, used 71733K [0x00000000a2400000, 0x0000000100000000)
  region size 1024K, 4 young (4096K), 4 survivors (4096K)
 Metaspace       used 92971K, capacity 95996K, committed 96168K, reserved 1132544K
  class space    used 11376K, capacity 12498K, committed 12544K, reserved 1048576K
}
Event: 2265.327 GC heap before
{Heap before GC invocations=24 (full 0):
 garbage-first heap   total 189440K, used 154677K [0x00000000a2400000, 0x0000000100000000)
  region size 1024K, 86 young (88064K), 4 survivors (4096K)
 Metaspace       used 98032K, capacity 101024K, committed 101160K, reserved 1136640K
  class space    used 12011K, capacity 13105K, committed 13184K, reserved 1048576K
}
Event: 2265.336 GC heap after
{Heap after GC invocations=25 (full 0):
 garbage-first heap   total 189440K, used 77799K [0x00000000a2400000, 0x0000000100000000)
  region size 1024K, 10 young (10240K), 10 survivors (10240K)
 Metaspace       used 98032K, capacity 101024K, committed 101160K, reserved 1136640K
  class space    used 12011K, capacity 13105K, committed 13184K, reserved 1048576K
}

Deoptimization events (20 events):
Event: 2265.224 Thread 0x00000043e9ac2000 Uncommon trap: trap_request=0xffffff4d fr.pc=0x00000043d34cb3a0 relative=0x0000000000001100
Event: 2265.224 Thread 0x00000043e9ac2000 Uncommon trap: reason=unstable_if action=reinterpret pc=0x00000043d34cb3a0 method=org.objectweb.asm.Type.getArgumentsAndReturnSizes(Ljava/lang/String;)I @ 25 c2
Event: 2265.224 Thread 0x00000043e9ac2000 DEOPT PACKING pc=0x00000043d34cb3a0 sp=0x00000043eb76d8a0
Event: 2265.224 Thread 0x00000043e9ac2000 DEOPT UNPACKING pc=0x00000043cb0c782f sp=0x00000043eb76d730 mode 2
Event: 2265.376 Thread 0x00000043e9ac2000 Uncommon trap: trap_request=0xffffff4d fr.pc=0x00000043d2d92014 relative=0x00000000000006b4
Event: 2265.376 Thread 0x00000043e9ac2000 Uncommon trap: reason=unstable_if action=reinterpret pc=0x00000043d2d92014 method=org.objectweb.asm.ClassReader.readUtf(II[C)Ljava/lang/String; @ 41 c2
Event: 2265.376 Thread 0x00000043e9ac2000 DEOPT PACKING pc=0x00000043d2d92014 sp=0x00000043eb76d920
Event: 2265.376 Thread 0x00000043e9ac2000 DEOPT UNPACKING pc=0x00000043cb0c782f sp=0x00000043eb76d8c8 mode 2
Event: 2265.378 Thread 0x00000043e9ac2000 DEOPT PACKING pc=0x00000043cdabdfa6 sp=0x00000043eb76dd90
Event: 2265.378 Thread 0x00000043e9ac2000 DEOPT UNPACKING pc=0x00000043cb0c764e sp=0x00000043eb76d270 mode 0
Event: 2265.561 Thread 0x00000043e9ac2000 DEOPT PACKING pc=0x00000043cda478ae sp=0x00000043eb76e230
Event: 2265.561 Thread 0x00000043e9ac2000 DEOPT UNPACKING pc=0x00000043cb0c764e sp=0x00000043eb76d750 mode 0
Event: 2265.590 Thread 0x00000043e9ac2000 DEOPT PACKING pc=0x00000043cda478ae sp=0x00000043eb76e230
Event: 2265.590 Thread 0x00000043e9ac2000 DEOPT UNPACKING pc=0x00000043cb0c764e sp=0x00000043eb76d750 mode 0
Event: 2265.606 Thread 0x00000043e9ac2000 Uncommon trap: trap_request=0xffffff4d fr.pc=0x00000043d34e3ed0 relative=0x0000000000001190
Event: 2265.606 Thread 0x00000043e9ac2000 Uncommon trap: reason=unstable_if action=reinterpret pc=0x00000043d34e3ed0 method=org.gradle.internal.classpath.InstrumentingTransformer$InstrumentingMethodVisitor.visitMethodInsn(ILjava/lang/String;Ljava/lang/String;Ljava/lang/String;Z)V @ 295 c2
Event: 2265.606 Thread 0x00000043e9ac2000 DEOPT PACKING pc=0x00000043d34e3ed0 sp=0x00000043eb76db10
Event: 2265.606 Thread 0x00000043e9ac2000 DEOPT UNPACKING pc=0x00000043cb0c782f sp=0x00000043eb76dab0 mode 2
Event: 2265.614 Thread 0x00000043e9ac2000 DEOPT PACKING pc=0x00000043cda478ae sp=0x00000043eb76e230
Event: 2265.614 Thread 0x00000043e9ac2000 DEOPT UNPACKING pc=0x00000043cb0c764e sp=0x00000043eb76d750 mode 0

Classes redefined (0 events):
No events

Internal exceptions (20 events):
Event: 2030.583 Thread 0x00000043e9b8e000 Exception <a 'sun/nio/fs/WindowsException'{0x00000000aa5118a0}> (0x00000000aa5118a0) thrown at [./src/hotspot/share/prims/jni.cpp, line 615]
Event: 2030.583 Thread 0x00000043e9b8e000 Exception <a 'sun/nio/fs/WindowsException'{0x00000000aa513528}> (0x00000000aa513528) thrown at [./src/hotspot/share/prims/jni.cpp, line 615]
Event: 2030.583 Thread 0x00000043e9b8e000 Exception <a 'sun/nio/fs/WindowsException'{0x00000000aa513648}> (0x00000000aa513648) thrown at [./src/hotspot/share/prims/jni.cpp, line 615]
Event: 2030.584 Thread 0x00000043e9b8e000 Exception <a 'sun/nio/fs/WindowsException'{0x00000000aa5154f0}> (0x00000000aa5154f0) thrown at [./src/hotspot/share/prims/jni.cpp, line 615]
Event: 2030.584 Thread 0x00000043e9b8e000 Exception <a 'sun/nio/fs/WindowsException'{0x00000000aa5155f8}> (0x00000000aa5155f8) thrown at [./src/hotspot/share/prims/jni.cpp, line 615]
Event: 2030.584 Thread 0x00000043e9b8e000 Exception <a 'sun/nio/fs/WindowsException'{0x00000000aa517250}> (0x00000000aa517250) thrown at [./src/hotspot/share/prims/jni.cpp, line 615]
Event: 2031.714 Thread 0x00000043e9b8e000 Exception <a 'java/lang/reflect/InvocationTargetException'{0x00000000aa20b800}> (0x00000000aa20b800) thrown at [./src/hotspot/share/runtime/reflection.cpp, line 1247]
Event: 2031.720 Thread 0x00000043e429e800 Exception <a 'sun/nio/fs/WindowsException'{0x00000000aa276f10}> (0x00000000aa276f10) thrown at [./src/hotspot/share/prims/jni.cpp, line 615]
Event: 2061.546 Thread 0x00000043e42a7800 Exception <a 'java/lang/reflect/InvocationTargetException'{0x00000000ad919270}> (0x00000000ad919270) thrown at [./src/hotspot/share/runtime/reflection.cpp, line 1247]
Event: 2061.553 Thread 0x00000043e429e800 Exception <a 'sun/nio/fs/WindowsException'{0x00000000adc214e0}> (0x00000000adc214e0) thrown at [./src/hotspot/share/prims/jni.cpp, line 615]
Event: 2220.867 Thread 0x00000043e9ab7800 Exception <a 'java/lang/reflect/InvocationTargetException'{0x00000000ab515430}> (0x00000000ab515430) thrown at [./src/hotspot/share/runtime/reflection.cpp, line 1247]
Event: 2220.873 Thread 0x00000043e9ab7800 Exception <a 'sun/nio/fs/WindowsException'{0x00000000ab436958}> (0x00000000ab436958) thrown at [./src/hotspot/share/prims/jni.cpp, line 615]
Event: 2242.530 Thread 0x00000043e1e39000 Exception <a 'java/lang/reflect/InvocationTargetException'{0x00000000a9956068}> (0x00000000a9956068) thrown at [./src/hotspot/share/runtime/reflection.cpp, line 1247]
Event: 2242.534 Thread 0x00000043e9ab7800 Exception <a 'sun/nio/fs/WindowsException'{0x00000000a99c2790}> (0x00000000a99c2790) thrown at [./src/hotspot/share/prims/jni.cpp, line 615]
Event: 2259.750 Thread 0x00000043e9ab7800 Implicit null exception at 0x00000043d32d46a7 to 0x00000043d32d4819
Event: 2260.060 Thread 0x00000043e9ab7800 Exception <a 'sun/nio/fs/WindowsException'{0x00000000a8ecccb8}> (0x00000000a8ecccb8) thrown at [./src/hotspot/share/prims/jni.cpp, line 615]
Event: 2260.066 Thread 0x00000043e9ab7800 Implicit null exception at 0x00000043d2cccd78 to 0x00000043d2cd0cd0
Event: 2260.072 Thread 0x00000043e9ab7800 Exception <a 'java/lang/IncompatibleClassChangeError'{0x00000000a8ef1710}: Found class java.lang.Object, but interface was expected> (0x00000000a8ef1710) thrown at [./src/hotspot/share/interpreter/linkResolver.cpp, line 839]
Event: 2263.381 Thread 0x00000043e9ab7800 Implicit null exception at 0x00000043d3099a88 to 0x00000043d309d188
Event: 2263.629 Thread 0x00000043e9ab7800 Implicit null exception at 0x00000043d30dc384 to 0x00000043d30dd00c

Events (20 events):
Event: 2264.983 loading class org/gradle/api/internal/file/archive/impl/JdkZipEntry
Event: 2264.983 loading class org/gradle/api/internal/file/archive/impl/JdkZipEntry done
Event: 2264.984 loading class org/gradle/api/internal/file/archive/impl/FileZipInput$1$1
Event: 2264.984 loading class org/gradle/api/internal/file/archive/impl/FileZipInput$1$1 done
Event: 2264.984 loading class org/gradle/internal/classpath/ClasspathWalker$ZipClasspathEntry
Event: 2264.984 loading class org/gradle/internal/classpath/ClasspathWalker$ZipClasspathEntry done
Event: 2264.987 loading class org/gradle/internal/classpath/InstrumentingTransformer$InstrumentingVisitor
Event: 2264.987 loading class org/gradle/internal/classpath/InstrumentingTransformer$InstrumentingVisitor done
Event: 2264.988 loading class org/gradle/internal/classpath/InstrumentingTransformer$InstrumentingMethodVisitor
Event: 2264.988 loading class org/gradle/internal/classpath/InstrumentingTransformer$InstrumentingMethodVisitor done
Event: 2264.988 loading class org/gradle/internal/classpath/InstrumentingTransformer$MethodVisitorScope
Event: 2264.988 loading class org/gradle/internal/classpath/InstrumentingTransformer$MethodVisitorScope done
Event: 2264.991 Thread 0x00000043e6b52800 Thread added: 0x00000043e6b52800
Event: 2265.113 Loaded shared library F:\Program Files\Android Studio\jre\bin\zip.dll
Event: 2265.115 loading class org/gradle/internal/classpath/InstrumentingTransformer$LambdaFactoryDetails
Event: 2265.115 loading class org/gradle/internal/classpath/InstrumentingTransformer$LambdaFactoryDetails done
Event: 2265.116 loading class org/gradle/internal/classpath/InstrumentingTransformer$InstrumentingVisitor$1
Event: 2265.116 loading class org/gradle/internal/classpath/InstrumentingTransformer$InstrumentingVisitor$1 done
Event: 2265.326 Executing VM operation: G1CollectForAllocation
Event: 2265.336 Executing VM operation: G1CollectForAllocation done


Dynamic libraries:
0x00007ff699d50000 - 0x00007ff699d5a000 	F:\Program Files\Android Studio\jre\bin\java.exe
0x00007ffced3f0000 - 0x00007ffced59d000 	C:\Windows\SYSTEM32\ntdll.dll
0x00007ffceaad0000 - 0x00007ffceac0f000 	C:\Windows\system32\KERNEL32.DLL
0x00007ffcea8d0000 - 0x00007ffcea9e5000 	C:\Windows\system32\KERNELBASE.dll
0x00007ffcd7d90000 - 0x00007ffcd7da9000 	F:\Program Files\Android Studio\jre\bin\jli.dll
0x00007ffcd5d40000 - 0x00007ffcd5d57000 	F:\Program Files\Android Studio\jre\bin\VCRUNTIME140.dll
0x00007ffce4d90000 - 0x00007ffce4d94000 	C:\Windows\SYSTEM32\api-ms-win-crt-stdio-l1-1-0.dll
0x00007ffce0a30000 - 0x00007ffce0a34000 	C:\Windows\SYSTEM32\api-ms-win-crt-runtime-l1-1-0.dll
0x00007ffce0a10000 - 0x00007ffce0a13000 	C:\Windows\SYSTEM32\api-ms-win-crt-environment-l1-1-0.dll
0x00007ffce0930000 - 0x00007ffce0935000 	C:\Windows\SYSTEM32\api-ms-win-crt-math-l1-1-0.dll
0x00007ffce0d80000 - 0x00007ffce0d83000 	C:\Windows\SYSTEM32\api-ms-win-crt-locale-l1-1-0.dll
0x00007ffce0390000 - 0x00007ffce0393000 	C:\Windows\SYSTEM32\api-ms-win-crt-heap-l1-1-0.dll
0x00007ffce6650000 - 0x00007ffce68cb000 	C:\Windows\WinSxS\amd64_microsoft.windows.common-controls_6595b64144ccf1df_6.0.9600.19394_none_62486577ecb635cf\COMCTL32.dll
0x00007ffceccf0000 - 0x00007ffcece67000 	C:\Windows\system32\USER32.dll
0x00007ffce0920000 - 0x00007ffce0923000 	C:\Windows\SYSTEM32\api-ms-win-crt-filesystem-l1-1-0.dll
0x00007ffce3770000 - 0x00007ffce3774000 	C:\Windows\SYSTEM32\api-ms-win-crt-string-l1-1-0.dll
0x00007ffce0a20000 - 0x00007ffce0a24000 	C:\Windows\SYSTEM32\api-ms-win-crt-convert-l1-1-0.dll
0x00007ffcece70000 - 0x00007ffcecf1a000 	C:\Windows\system32\msvcrt.dll
0x00007ffceb120000 - 0x00007ffceb26e000 	C:\Windows\system32\GDI32.dll
0x00007ffcd7e10000 - 0x00007ffcd7f04000 	C:\Windows\SYSTEM32\ucrtbase.DLL
0x00007ffceca80000 - 0x00007ffcecab6000 	C:\Windows\system32\IMM32.DLL
0x00007ffcecf20000 - 0x00007ffced071000 	C:\Windows\system32\MSCTF.dll
0x00007ffcc8410000 - 0x00007ffcc84ad000 	F:\Program Files\Android Studio\jre\bin\msvcp140.dll
0x00007ffcdfa10000 - 0x00007ffcdfa15000 	C:\Windows\SYSTEM32\api-ms-win-crt-multibyte-l1-1-0.dll
0x00007ffce03e0000 - 0x00007ffce03e3000 	C:\Windows\SYSTEM32\api-ms-win-crt-time-l1-1-0.dll
0x00007ffce0a00000 - 0x00007ffce0a03000 	C:\Windows\SYSTEM32\api-ms-win-crt-utility-l1-1-0.dll
0x00007ffcbe390000 - 0x00007ffcbee5f000 	F:\Program Files\Android Studio\jre\bin\server\jvm.dll
0x00007ffceb2e0000 - 0x00007ffceb38d000 	C:\Windows\system32\ADVAPI32.dll
0x00007ffce4dc0000 - 0x00007ffce4dc9000 	C:\Windows\SYSTEM32\WSOCK32.dll
0x00007ffce47c0000 - 0x00007ffce47e2000 	C:\Windows\SYSTEM32\WINMM.dll
0x00007ffce2760000 - 0x00007ffce276a000 	C:\Windows\SYSTEM32\VERSION.dll
0x00007ffceca00000 - 0x00007ffceca07000 	C:\Windows\system32\PSAPI.DLL
0x00007ffced390000 - 0x00007ffced3eb000 	C:\Windows\SYSTEM32\sechost.dll
0x00007ffcec8c0000 - 0x00007ffcec9f5000 	C:\Windows\system32\RPCRT4.dll
0x00007ffceaa70000 - 0x00007ffceaaca000 	C:\Windows\system32\WS2_32.dll
0x00007ffce4790000 - 0x00007ffce47ba000 	C:\Windows\SYSTEM32\WINMMBASE.dll
0x00007ffcea9f0000 - 0x00007ffceaa1e000 	C:\Windows\system32\SspiCli.dll
0x00007ffced1a0000 - 0x00007ffced1a9000 	C:\Windows\system32\NSI.dll
0x00007ffceaa20000 - 0x00007ffceaa6f000 	C:\Windows\SYSTEM32\cfgmgr32.dll
0x00007ffce92b0000 - 0x00007ffce92d8000 	C:\Windows\SYSTEM32\DEVOBJ.dll
0x00007ffce0370000 - 0x00007ffce0381000 	F:\Program Files\Android Studio\jre\bin\verify.dll
0x00007ffce6d20000 - 0x00007ffce6eaa000 	C:\Windows\SYSTEM32\DBGHELP.DLL
0x00007ffcdfe20000 - 0x00007ffcdfe49000 	F:\Program Files\Android Studio\jre\bin\java.dll
0x00007ffce0360000 - 0x00007ffce036b000 	F:\Program Files\Android Studio\jre\bin\jimage.dll
0x00007ffcdedf0000 - 0x00007ffcdee08000 	F:\Program Files\Android Studio\jre\bin\zip.dll
0x00007ffceb390000 - 0x00007ffcec8bc000 	C:\Windows\system32\SHELL32.dll
0x00007ffcecac0000 - 0x00007ffceccd2000 	C:\Windows\SYSTEM32\combase.dll
0x00007ffceca10000 - 0x00007ffceca64000 	C:\Windows\system32\SHLWAPI.dll
0x00007ffce7f50000 - 0x00007ffce8002000 	C:\Windows\SYSTEM32\SHCORE.dll
0x00007ffcea490000 - 0x00007ffcea4a5000 	C:\Windows\SYSTEM32\profapi.dll
0x00007ffcdc790000 - 0x00007ffcdc7aa000 	F:\Program Files\Android Studio\jre\bin\net.dll
0x00007ffce2450000 - 0x00007ffce2519000 	C:\Windows\SYSTEM32\WINHTTP.dll
0x00007ffce9b60000 - 0x00007ffce9bb9000 	C:\Windows\system32\mswsock.dll
0x00007ffcdc770000 - 0x00007ffcdc784000 	F:\Program Files\Android Studio\jre\bin\nio.dll
0x00007ffcd7db0000 - 0x00007ffcd7dd7000 	C:\Users\\.gradle\native\fdc75f09e3144964f2cf3f50f0aa648679c211496f362492102eb8c894070792\windows-amd64\native-platform.dll
0x00007ffcc6bb0000 - 0x00007ffcc6d46000 	C:\Users\\.gradle\native\12488b8bf47d2d4c9fbf2f6322a914ad602e24e48041cd04a747c6da556b65c4\windows-amd64\native-platform-file-events.dll
0x00007ffce0110000 - 0x00007ffce011a000 	F:\Program Files\Android Studio\jre\bin\management.dll
0x00007ffcdfe10000 - 0x00007ffcdfe1c000 	F:\Program Files\Android Studio\jre\bin\management_ext.dll
0x00007ffcea1d0000 - 0x00007ffcea1f0000 	C:\Windows\SYSTEM32\CRYPTSP.dll
0x00007ffce98e0000 - 0x00007ffce9916000 	C:\Windows\system32\rsaenh.dll
0x00007ffce9f30000 - 0x00007ffce9f56000 	C:\Windows\SYSTEM32\bcrypt.dll
0x00007ffce9a10000 - 0x00007ffce9a31000 	C:\Windows\SYSTEM32\USERENV.dll
0x00007ffcea2f0000 - 0x00007ffcea353000 	C:\Windows\system32\bcryptprimitives.dll
0x00007ffcea360000 - 0x00007ffcea36b000 	C:\Windows\SYSTEM32\CRYPTBASE.dll
0x00007ffce5430000 - 0x00007ffce545a000 	C:\Windows\SYSTEM32\IPHLPAPI.DLL
0x00007ffce5410000 - 0x00007ffce541a000 	C:\Windows\SYSTEM32\WINNSI.DLL
0x00007ffce52c0000 - 0x00007ffce52d6000 	C:\Windows\SYSTEM32\dhcpcsvc6.DLL
0x00007ffce52a0000 - 0x00007ffce52ba000 	C:\Windows\SYSTEM32\dhcpcsvc.DLL
0x00007ffcd7f10000 - 0x00007ffcd7f37000 	F:\Program Files\Android Studio\jre\bin\sunec.dll
0x00007ffce9ab0000 - 0x00007ffce9b54000 	C:\Windows\SYSTEM32\DNSAPI.dll
0x00007ffce1010000 - 0x00007ffce101a000 	C:\Windows\System32\rasadhlp.dll
0x00007ffce51e0000 - 0x00007ffce524b000 	C:\Windows\System32\fwpuclnt.dll

dbghelp: loaded successfully - version: 4.0.5 - missing functions: none
symbol engine: initialized successfully - sym options: 0x614 - pdb path: .;F:\Program Files\Android Studio\jre\bin;C:\Windows\SYSTEM32;C:\Windows\WinSxS\amd64_microsoft.windows.common-controls_6595b64144ccf1df_6.0.9600.19394_none_62486577ecb635cf;F:\Program Files\Android Studio\jre\bin\server;C:\Users\\.gradle\native\fdc75f09e3144964f2cf3f50f0aa648679c211496f362492102eb8c894070792\windows-amd64;C:\Users\\.gradle\native\12488b8bf47d2d4c9fbf2f6322a914ad602e24e48041cd04a747c6da556b65c4\windows-amd64

VM Arguments:
jvm_args: --add-opens=java.base/java.util=ALL-UNNAMED --add-opens=java.base/java.lang=ALL-UNNAMED --add-opens=java.base/java.lang.invoke=ALL-UNNAMED --add-opens=java.prefs/java.util.prefs=ALL-UNNAMED -Xms128m -Xmx1500m -Dfile.encoding=windows-1251 -Duser.country=RU -Duser.language=ru -Duser.variant 
java_command: org.gradle.launcher.daemon.bootstrap.GradleDaemon 6.7.1
java_class_path (initial): C:\Users\\.gradle\wrapper\dists\gradle-6.7.1-bin\bwlcbys1h7rz3272sye1xwiv6\gradle-6.7.1\lib\gradle-launcher-6.7.1.jar
Launcher Type: SUN_STANDARD

[Global flags]
     intx CICompilerCount                          = 3                                         {product} {ergonomic}
     uint ConcGCThreads                            = 1                                         {product} {ergonomic}
     uint G1ConcRefinementThreads                  = 4                                         {product} {ergonomic}
   size_t G1HeapRegionSize                         = 1048576                                   {product} {ergonomic}
    uintx GCDrainStackTargetSize                   = 64                                        {product} {ergonomic}
   size_t InitialHeapSize                          = 134217728                                 {product} {command line}
   size_t MarkStackSize                            = 4194304                                   {product} {ergonomic}
   size_t MaxHeapSize                              = 1572864000                                {product} {command line}
   size_t MaxNewSize                               = 943718400                                 {product} {ergonomic}
   size_t MinHeapDeltaBytes                        = 1048576                                   {product} {ergonomic}
    uintx NonNMethodCodeHeapSize                   = 5830732                                {pd product} {ergonomic}
    uintx NonProfiledCodeHeapSize                  = 122913754                              {pd product} {ergonomic}
    uintx ProfiledCodeHeapSize                     = 122913754                              {pd product} {ergonomic}
    uintx ReservedCodeCacheSize                    = 251658240                              {pd product} {ergonomic}
     bool SegmentedCodeCache                       = true                                      {product} {ergonomic}
     bool UseCompressedClassPointers               = true                                 {lp64_product} {ergonomic}
     bool UseCompressedOops                        = true                                 {lp64_product} {ergonomic}
     bool UseG1GC                                  = true                                      {product} {ergonomic}
     bool UseLargePagesIndividualAllocation        = false                                  {pd product} {ergonomic}

Logging:
Log output configuration:
 #0: stdout all=warning uptime,level,tags
 #1: stderr all=off uptime,level,tags

Environment Variables:
JAVA_HOME=C:\Program Files\Java\jdk-17\
PATH=C:\Program Files\Common Files\Oracle\Java\javapath;C:\Program Files (x86)\Common Files\Oracle\Java\javapath;C:\Program Files (x86)\Common Files\Intel\Shared Files\cpp\bin\Intel64;C:\Windows\system32;C:\Windows;C:\Windows\System32\Wbem;C:\Windows\System32\WindowsPowerShell\v1.0\;C:\Program Files\7-Zip;C:\Program Files\dotnet\;C:\Program Files\Microsoft SQL Server\130\Tools\Binn\;C:\Program Files (x86)\Microsoft SQL Server\100\Tools\Binn\;C:\Program Files\Microsoft SQL Server\100\Tools\Binn\;C:\Program Files\Microsoft SQL Server\100\DTS\Binn\;C:\Program Files\Microsoft SQL Server\Client SDK\ODBC\170\Tools\Binn\;C:\Program Files (x86)\IncrediBuild;C:\Program Files (x86)\IDM Computer Solutions\UltraEdit;C:\Program Files\nodejs\;C:\ProgramData\chocolatey\bin;F:\Program Files\Microsoft VS Code\bin;C:\Program Files\Git\cmd;F:\Python310\Scripts\;F:\Python310\;C:\platform-tools;C:\Users\\AppData\Local\GitHubDesktop\bin;C:\Users\\AppData\Roaming\npm;C:\Program Files\JetBrains\IntelliJ IDEA Community Edition 2;F:\Python310\Scripts\;F:\Python310\;C:\platform-tools;C:\Users\\AppData\Local\GitHubDesktop\bin;C:\Users\\AppData\Roaming\npm;C:\Program Files\JetBrains\IntelliJ IDEA Community Edition 2021.2.2\bin;;F:\Program Files\MinGW\bin;F:\Heroku\bin
USERNAME=Dima
OS=Windows_NT
PROCESSOR_IDENTIFIER=Intel64 Family 6 Model 58 Stepping 9, GenuineIntel



---------------  S Y S T E M  ---------------

OS: Windows 8.1 , 64 bit Build 9600 (6.3.9600.20369)
OS uptime: 0 days 14:08 hours

CPU:total 4 (initial active 4) (4 cores per cpu, 1 threads per core) family 6 model 58 stepping 9 microcode 0x1b, cmov, cx8, fxsr, mmx, sse, sse2, sse3, ssse3, sse4.1, sse4.2, popcnt, avx, aes, clmul, erms, tsc, tscinvbit, tscinv

Memory: 4k page, system-wide physical 8071M (1087M free)
TotalPageFile size 11143M (AvailPageFile size 11M)
current process WorkingSet (physical memory assigned to process): 484M, peak: 491M
current process commit charge ("private bytes"): 526M, peak: 535M

vm_info: OpenJDK 64-Bit Server VM (11.0.10+0-b96-7249189) for windows-amd64 JRE (11.0.10+0-b96-7249189), built on Mar 31 2021 21:44:00 by "builder" with MS VC++ 14.0 (VS2015)

END.
