#
# There is insufficient memory for the Java Runtime Environment to continue.
# Native memory allocation (mmap) failed to map 134217728 bytes for Failed to commit area from 0x0000000081e00000 to 0x0000000089e00000 of length 134217728.
# Possible reasons:
#   The system is out of physical RAM or swap space
#   The process is running with CompressedOops enabled, and the Java Heap may be blocking the growth of the native heap
# Possible solutions:
#   Reduce memory load on the system
#   Increase physical memory or swap space
#   Check if swap backing store is full
#   Decrease Java heap size (-Xmx/-Xms)
#   Decrease number of Java threads
#   Decrease Java thread stack sizes (-Xss)
#   Set larger code cache with -XX:ReservedCodeCacheSize=
# This output file may be truncated or incomplete.
#
#  Out of Memory Error (./src/hotspot/os/windows/os_windows.cpp:3301), pid=232, tid=8760
#
# JRE version:  (11.0.10) (build )
# Java VM: OpenJDK 64-Bit Server VM (11.0.10+0-b96-7249189, mixed mode, sharing, tiered, compressed oops, g1 gc, windows-amd64)
# No core dump will be written. Minidumps are not enabled by default on client versions of Windows
#

---------------  S U M M A R Y ------------

Command Line: -Dfile.encoding=windows-1251 -Duser.country=RU -Duser.language=ru -Duser.variant ru.myitschool.galaxytennis.desktop.DesktopLauncher

Host: Intel(R) Core(TM) i5-3450 CPU @ 3.10GHz, 4 cores, 7G,  Windows 8.1 , 64 bit Build 9600 (6.3.9600.20369)
Time: Thu May 12 22:42:11 2022 Iineia noaiaa?oiia a?aiy elapsed time: 0.014797 seconds (0d 0h 0m 0s)

---------------  T H R E A D  ---------------

Current thread (0x0000009a1d779800):  JavaThread "Unknown thread" [_thread_in_vm, id=8760, stack(0x0000009a1ce20000,0x0000009a1cf20000)]

Stack: [0x0000009a1ce20000,0x0000009a1cf20000]
Native frames: (J=compiled Java code, j=interpreted, Vv=VM code, C=native code)
V  [jvm.dll+0x5ecfaa]
V  [jvm.dll+0x722bd5]
V  [jvm.dll+0x72412d]
V  [jvm.dll+0x7247e3]
V  [jvm.dll+0x242928]
V  [jvm.dll+0x5ea374]
V  [jvm.dll+0x5df425]
V  [jvm.dll+0x2fdebb]
V  [jvm.dll+0x2fde2a]
V  [jvm.dll+0x2fdd02]
V  [jvm.dll+0x302bf6]
V  [jvm.dll+0x34b2a3]
V  [jvm.dll+0x34b9a6]
V  [jvm.dll+0x34b3a3]
V  [jvm.dll+0x2d8888]
V  [jvm.dll+0x2d9a37]
V  [jvm.dll+0x701737]
V  [jvm.dll+0x702f2c]
V  [jvm.dll+0x3587d9]
V  [jvm.dll+0x6e4fae]
V  [jvm.dll+0x3c0be3]
V  [jvm.dll+0x3c2e91]
C  [jli.dll+0x5373]
C  [ucrtbase.DLL+0x1f4a0]
C  [KERNEL32.DLL+0x13d2]
C  [ntdll.dll+0x15504]


---------------  P R O C E S S  ---------------

Threads class SMR info:
_java_thread_list=0x0000009a1b59fe30, length=0, elements={
}

Java Threads: ( => current thread )

Other Threads:
  0x0000009a1d792800 GCTaskThread "GC Thread#0" [stack: 0x0000009a1d130000,0x0000009a1d230000] [id=4548]
  0x0000009a1d7c4000 ConcurrentGCThread "G1 Main Marker" [stack: 0x0000009a34d50000,0x0000009a34e50000] [id=2556]
  0x0000009a1d7c5800 ConcurrentGCThread "G1 Conc#0" [stack: 0x0000009a34e50000,0x0000009a34f50000] [id=7468]

[error occurred during error reporting (printing all threads), id 0xc0000005, EXCEPTION_ACCESS_VIOLATION (0xc0000005) at pc=0x00007ffcbe679107]

VM state:not at safepoint (not fully initialized)

VM Mutex/Monitor currently owned by a thread:  ([mutex/lock_event])
[0x0000009a1d7786a0] Heap_lock - owner thread: 0x0000009a1d779800

Heap address: 0x0000000081e00000, size: 2018 MB, Compressed Oops mode: Non-zero based: 0x0000000081e00000
Narrow klass base: 0x0000000000000000, Narrow klass shift: 0

GC Heap History (0 events):
No events

Deoptimization events (0 events):
No events

Classes redefined (0 events):
No events

Internal exceptions (0 events):
No events

Events (1 events):
Event: 0.011 Loaded shared library F:\Program Files\Android Studio\jre\bin\zip.dll


Dynamic libraries:
0x00007ff699d50000 - 0x00007ff699d5a000 	F:\Program Files\Android Studio\jre\bin\java.exe
0x00007ffced3f0000 - 0x00007ffced59d000 	C:\Windows\SYSTEM32\ntdll.dll
0x00007ffceaad0000 - 0x00007ffceac0f000 	C:\Windows\system32\KERNEL32.DLL
0x00007ffcea8d0000 - 0x00007ffcea9e5000 	C:\Windows\system32\KERNELBASE.dll
0x00007ffcd7d90000 - 0x00007ffcd7da9000 	F:\Program Files\Android Studio\jre\bin\jli.dll
0x00007ffcd5d40000 - 0x00007ffcd5d57000 	F:\Program Files\Android Studio\jre\bin\VCRUNTIME140.dll
0x00007ffce4d90000 - 0x00007ffce4d94000 	C:\Windows\SYSTEM32\api-ms-win-crt-stdio-l1-1-0.dll
0x00007ffce0a30000 - 0x00007ffce0a34000 	C:\Windows\SYSTEM32\api-ms-win-crt-runtime-l1-1-0.dll
0x00007ffce0a10000 - 0x00007ffce0a13000 	C:\Windows\SYSTEM32\api-ms-win-crt-environment-l1-1-0.dll
0x00007ffce0930000 - 0x00007ffce0935000 	C:\Windows\SYSTEM32\api-ms-win-crt-math-l1-1-0.dll
0x00007ffce0d80000 - 0x00007ffce0d83000 	C:\Windows\SYSTEM32\api-ms-win-crt-locale-l1-1-0.dll
0x00007ffce0390000 - 0x00007ffce0393000 	C:\Windows\SYSTEM32\api-ms-win-crt-heap-l1-1-0.dll
0x00007ffce6650000 - 0x00007ffce68cb000 	C:\Windows\WinSxS\amd64_microsoft.windows.common-controls_6595b64144ccf1df_6.0.9600.19394_none_62486577ecb635cf\COMCTL32.dll
0x00007ffceccf0000 - 0x00007ffcece67000 	C:\Windows\system32\USER32.dll
0x00007ffce0920000 - 0x00007ffce0923000 	C:\Windows\SYSTEM32\api-ms-win-crt-filesystem-l1-1-0.dll
0x00007ffce3770000 - 0x00007ffce3774000 	C:\Windows\SYSTEM32\api-ms-win-crt-string-l1-1-0.dll
0x00007ffce0a20000 - 0x00007ffce0a24000 	C:\Windows\SYSTEM32\api-ms-win-crt-convert-l1-1-0.dll
0x00007ffcece70000 - 0x00007ffcecf1a000 	C:\Windows\system32\msvcrt.dll
0x00007ffceb120000 - 0x00007ffceb26e000 	C:\Windows\system32\GDI32.dll
0x00007ffcd7e10000 - 0x00007ffcd7f04000 	C:\Windows\SYSTEM32\ucrtbase.DLL
0x00007ffceca80000 - 0x00007ffcecab6000 	C:\Windows\system32\IMM32.DLL
0x00007ffcecf20000 - 0x00007ffced071000 	C:\Windows\system32\MSCTF.dll
0x00007ffcc8410000 - 0x00007ffcc84ad000 	F:\Program Files\Android Studio\jre\bin\msvcp140.dll
0x00007ffcdfa10000 - 0x00007ffcdfa15000 	C:\Windows\SYSTEM32\api-ms-win-crt-multibyte-l1-1-0.dll
0x00007ffce03e0000 - 0x00007ffce03e3000 	C:\Windows\SYSTEM32\api-ms-win-crt-time-l1-1-0.dll
0x00007ffce0a00000 - 0x00007ffce0a03000 	C:\Windows\SYSTEM32\api-ms-win-crt-utility-l1-1-0.dll
0x00007ffcbe390000 - 0x00007ffcbee5f000 	F:\Program Files\Android Studio\jre\bin\server\jvm.dll
0x00007ffceb2e0000 - 0x00007ffceb38d000 	C:\Windows\system32\ADVAPI32.dll
0x00007ffce4dc0000 - 0x00007ffce4dc9000 	C:\Windows\SYSTEM32\WSOCK32.dll
0x00007ffce47c0000 - 0x00007ffce47e2000 	C:\Windows\SYSTEM32\WINMM.dll
0x00007ffce2760000 - 0x00007ffce276a000 	C:\Windows\SYSTEM32\VERSION.dll
0x00007ffceca00000 - 0x00007ffceca07000 	C:\Windows\system32\PSAPI.DLL
0x00007ffced390000 - 0x00007ffced3eb000 	C:\Windows\SYSTEM32\sechost.dll
0x00007ffcec8c0000 - 0x00007ffcec9f5000 	C:\Windows\system32\RPCRT4.dll
0x00007ffceaa70000 - 0x00007ffceaaca000 	C:\Windows\system32\WS2_32.dll
0x00007ffce4790000 - 0x00007ffce47ba000 	C:\Windows\SYSTEM32\WINMMBASE.dll
0x00007ffcea9f0000 - 0x00007ffceaa1e000 	C:\Windows\system32\SspiCli.dll
0x00007ffced1a0000 - 0x00007ffced1a9000 	C:\Windows\system32\NSI.dll
0x00007ffceaa20000 - 0x00007ffceaa6f000 	C:\Windows\SYSTEM32\cfgmgr32.dll
0x00007ffce92b0000 - 0x00007ffce92d8000 	C:\Windows\SYSTEM32\DEVOBJ.dll
0x00007ffce0370000 - 0x00007ffce0381000 	F:\Program Files\Android Studio\jre\bin\verify.dll
0x00007ffce6d20000 - 0x00007ffce6eaa000 	C:\Windows\SYSTEM32\DBGHELP.DLL
0x00007ffcdfe20000 - 0x00007ffcdfe49000 	F:\Program Files\Android Studio\jre\bin\java.dll
0x00007ffce0360000 - 0x00007ffce036b000 	F:\Program Files\Android Studio\jre\bin\jimage.dll
0x00007ffcdedf0000 - 0x00007ffcdee08000 	F:\Program Files\Android Studio\jre\bin\zip.dll

dbghelp: loaded successfully - version: 4.0.5 - missing functions: none
symbol engine: initialized successfully - sym options: 0x614 - pdb path: .;F:\Program Files\Android Studio\jre\bin;C:\Windows\SYSTEM32;C:\Windows\WinSxS\amd64_microsoft.windows.common-controls_6595b64144ccf1df_6.0.9600.19394_none_62486577ecb635cf;F:\Program Files\Android Studio\jre\bin\server

VM Arguments:
jvm_args: -Dfile.encoding=windows-1251 -Duser.country=RU -Duser.language=ru -Duser.variant 
java_command: ru.myitschool.galaxytennis.desktop.DesktopLauncher
java_class_path (initial): F:\Android\GalaxyTennis\desktop\build\classes\java\main;F:\Android\GalaxyTennis\desktop\build\resources\main;C:\Users\컨堰益.gradle\caches\modules-2\files-2.1\com.badlogicgames.gdx\gdx-backend-lwjgl\1.10.0\58ff89d9e4fd8a82591367f187d606e781cacc05\gdx-backend-lwjgl-1.10.0.jar;C:\Users\컨堰益.gradle\caches\modules-2\files-2.1\com.badlogicgames.gdx\gdx-platform\1.10.0\9a8fa793d2fd6d360afc6c9e4c1f5583da263b88\gdx-platform-1.10.0-natives-desktop.jar;C:\Users\컨堰益.gradle\caches\modules-2\files-2.1\com.badlogicgames.gdx\gdx-box2d-platform\1.10.0\588c4191c5a64ed39365e71484aa37d81c38eb5e\gdx-box2d-platform-1.10.0-natives-desktop.jar;C:\Users\컨堰益.gradle\caches\modules-2\files-2.1\com.badlogicgames.gdx\gdx-freetype-platform\1.10.0\6e5d28752759e69384f12e4569d2c884ff71352f\gdx-freetype-platform-1.10.0-natives-desktop.jar;F:\Android\GalaxyTennis\core\build\libs\core-1.0.jar;C:\Users\컨堰益.gradle\caches\modules-2\files-2.1\com.badlogicgames.gdx\gdx-box2d\1.10.0\b3a3c0f00b90716238835434d0ae8985604c37f8\gdx-box2d-1.10.0.jar;C:\Users\컨堰益.gradle\caches\modules-2\files-2.1\com.badlogicgames.gdx\gdx-freetype\1.10.0\de1d0d5c1e92e8d91364256fd6b7bb279d3e9859\gdx-freetype-1.10.0.jar;C:\Users\컨堰益.gradle\caches\modules-2\files-2.1\com.badlogicgames.gdx\gdx\1.10.0\74c240f79dc4fb6b766a834249600d0a019d0489\gdx-1.10.0.jar;C:\Users\컨堰益.gradle\caches\modules-2\files-2.1\org.lwjgl.lwjgl\lwjgl_util\2.9.3\751f06b62424da056954c67288fd5c494431e350\lwjgl_util-2.9.3.jar;C:\Users\컨堰益.gradle\caches\modules-2\files-2.1\org.lwjgl.lwjgl\lwjgl\2.9.3\3df168ac74e4a8c96562cdff24ad352e255bf89c\lwjgl-2.9.3.jar;C:\Users\컨堰益.gradle\caches\modules-2\files-2.1\com.badlogicgames.jlayer\jlayer\1.0.1-gdx\7cca83cec5c1b2f011362f4d85aabd71a73b049d\jlayer-1.0.1-gdx.jar;C:\Users\컨堰益.gradle\caches\modules-2\files-2.1\org.jcraft\jorbis\0.0.17\8872d22b293e8f5d7d56ff92be966e6dc28ebdc6\jorbis-0.0.17.jar;C:\Users\컨堰益.gradle\caches\modules-2\files-2.1\org.lwjgl.lwjgl\lwjgl-platfo
Launcher Type: SUN_STANDARD

[Global flags]
     intx CICompilerCount                          = 3                                         {product} {ergonomic}
     uint ConcGCThreads                            = 1                                         {product} {ergonomic}
     uint G1ConcRefinementThreads                  = 4                                         {product} {ergonomic}
   size_t G1HeapRegionSize                         = 1048576                                   {product} {ergonomic}
    uintx GCDrainStackTargetSize                   = 64                                        {product} {ergonomic}
   size_t InitialHeapSize                          = 134217728                                 {product} {ergonomic}
   size_t MarkStackSize                            = 4194304                                   {product} {ergonomic}
   size_t MaxHeapSize                              = 2116026368                                {product} {ergonomic}
   size_t MinHeapDeltaBytes                        = 1048576                                   {product} {ergonomic}
    uintx NonNMethodCodeHeapSize                   = 5830732                                {pd product} {ergonomic}
    uintx NonProfiledCodeHeapSize                  = 122913754                              {pd product} {ergonomic}
    uintx ProfiledCodeHeapSize                     = 122913754                              {pd product} {ergonomic}
    uintx ReservedCodeCacheSize                    = 251658240                              {pd product} {ergonomic}
     bool SegmentedCodeCache                       = true                                      {product} {ergonomic}
     bool UseCompressedClassPointers               = true                                 {lp64_product} {ergonomic}
     bool UseCompressedOops                        = true                                 {lp64_product} {ergonomic}
     bool UseG1GC                                  = true                                      {product} {ergonomic}
     bool UseLargePagesIndividualAllocation        = false                                  {pd product} {ergonomic}

Logging:
Log output configuration:
 #0: stdout all=warning uptime,level,tags
 #1: stderr all=off uptime,level,tags

Environment Variables:
JAVA_HOME=C:\Program Files\Java\jdk-17\
PATH=C:\Program Files\Common Files\Oracle\Java\javapath;C:\Program Files (x86)\Common Files\Oracle\Java\javapath;C:\Program Files (x86)\Common Files\Intel\Shared Files\cpp\bin\Intel64;C:\Windows\system32;C:\Windows;C:\Windows\System32\Wbem;C:\Windows\System32\WindowsPowerShell\v1.0\;C:\Program Files\7-Zip;C:\Program Files\dotnet\;C:\Program Files\Microsoft SQL Server\130\Tools\Binn\;C:\Program Files (x86)\Microsoft SQL Server\100\Tools\Binn\;C:\Program Files\Microsoft SQL Server\100\Tools\Binn\;C:\Program Files\Microsoft SQL Server\100\DTS\Binn\;C:\Program Files\Microsoft SQL Server\Client SDK\ODBC\170\Tools\Binn\;C:\Program Files (x86)\IncrediBuild;C:\Program Files (x86)\IDM Computer Solutions\UltraEdit;C:\Program Files\nodejs\;C:\ProgramData\chocolatey\bin;F:\Program Files\Microsoft VS Code\bin;C:\Program Files\Git\cmd;F:\Python310\Scripts\;F:\Python310\;C:\platform-tools;C:\Users\컨堰益AppData\Local\GitHubDesktop\bin;C:\Users\컨堰益AppData\Roaming\npm;C:\Program Files\JetBrains\IntelliJ IDEA Community Edition 2;F:\Python310\Scripts\;F:\Python310\;C:\platform-tools;C:\Users\컨堰益AppData\Local\GitHubDesktop\bin;C:\Users\컨堰益AppData\Roaming\npm;C:\Program Files\JetBrains\IntelliJ IDEA Community Edition 2021.2.2\bin;;F:\Program Files\MinGW\bin;F:\Heroku\bin
USERNAME=Dima
OS=Windows_NT
PROCESSOR_IDENTIFIER=Intel64 Family 6 Model 58 Stepping 9, GenuineIntel



---------------  S Y S T E M  ---------------

OS: Windows 8.1 , 64 bit Build 9600 (6.3.9600.20369)
OS uptime: 0 days 14:04 hours

CPU:total 4 (initial active 4) (4 cores per cpu, 1 threads per core) family 6 model 58 stepping 9 microcode 0x1b, cmov, cx8, fxsr, mmx, sse, sse2, sse3, ssse3, sse4.1, sse4.2, popcnt, avx, aes, clmul, erms, tsc, tscinvbit, tscinv

Memory: 4k page, system-wide physical 8071M (1010M free)
TotalPageFile size 11143M (AvailPageFile size 83M)
current process WorkingSet (physical memory assigned to process): 9M, peak: 9M
current process commit charge ("private bytes"): 51M, peak: 179M

vm_info: OpenJDK 64-Bit Server VM (11.0.10+0-b96-7249189) for windows-amd64 JRE (11.0.10+0-b96-7249189), built on Mar 31 2021 21:44:00 by "builder" with MS VC++ 14.0 (VS2015)

END.
